<!DOCTYPE html>

<html>
  <head>
  <meta charset='utf-8'>
  <title>TestNG reports</title>

    <link type="text/css" href="testng-reports1.css" rel="stylesheet" id="ultra" />
    <link type="text/css" href="testng-reports.css" rel="stylesheet" id="retro" disabled="false"/>
    <script type="text/javascript" src="jquery-3.6.0.min.js"></script>
    <script type="text/javascript" src="testng-reports.js"></script>
    <script type="text/javascript" src="https://www.google.com/jsapi"></script>
    <script type='text/javascript'>
      google.load('visualization', '1', {packages:['table']});
      google.setOnLoadCallback(drawTable);
      var suiteTableInitFunctions = new Array();
      var suiteTableData = new Array();
    </script>
    <!--
      <script type="text/javascript" src="jquery-ui/js/jquery-ui-1.8.16.custom.min.js"></script>
     -->
  </head>

  <body>    <div class="top-banner-root">
      <span class="top-banner-title-font">Test results</span>
      <button id="button" class="button">Switch Retro Theme</button> <!-- button -->
      <br/>
      <span class="top-banner-font-1">1 suite, 5 failed tests</span>
    </div> <!-- top-banner-root -->
    <div class="navigator-root">
      <div class="navigator-suite-header">
        <span>All suites</span>
        <a href="#" title="Collapse/expand all the suites" class="collapse-all-link">
          <img src="collapseall.gif" class="collapse-all-icon">
          </img> <!-- collapse-all-icon -->
        </a> <!-- collapse-all-link -->
      </div> <!-- navigator-suite-header -->
      <div class="suite">
        <div class="rounded-window">
          <div class="suite-header light-rounded-window-top">
            <a href="#" panel-name="suite-Suite" class="navigator-link">
              <span class="suite-name border-failed">Suite</span>
            </a> <!-- navigator-link -->
          </div> <!-- suite-header light-rounded-window-top -->
          <div class="navigator-suite-content">
            <div class="suite-section-title">
              <span>Info</span>
            </div> <!-- suite-section-title -->
            <div class="suite-section-content">
              <ul>
                <li>
                  <a href="#" panel-name="test-xml-Suite" class="navigator-link ">
                    <span>S:\Eclipse Workspace\AT_SpiceJet_Capstone_Project_GUVI\testng.xml</span>
                  </a> <!-- navigator-link  -->
                </li>
                <li>
                  <a href="#" panel-name="testlist-Suite" class="navigator-link ">
                    <span class="test-stats">1 test</span>
                  </a> <!-- navigator-link  -->
                </li>
                <li>
                  <a href="#" panel-name="group-Suite" class="navigator-link ">
                    <span>0 groups</span>
                  </a> <!-- navigator-link  -->
                </li>
                <li>
                  <a href="#" panel-name="times-Suite" class="navigator-link ">
                    <span>Times</span>
                  </a> <!-- navigator-link  -->
                </li>
                <li>
                  <a href="#" panel-name="reporter-Suite" class="navigator-link ">
                    <span>Reporter output</span>
                  </a> <!-- navigator-link  -->
                </li>
                <li>
                  <a href="#" panel-name="ignored-methods-Suite" class="navigator-link ">
                    <span>Ignored methods</span>
                  </a> <!-- navigator-link  -->
                </li>
                <li>
                  <a href="#" panel-name="chronological-Suite" class="navigator-link ">
                    <span>Chronological view</span>
                  </a> <!-- navigator-link  -->
                </li>
              </ul>
            </div> <!-- suite-section-content -->
            <div class="result-section">
              <div class="suite-section-title">
                <span>Results</span>
              </div> <!-- suite-section-title -->
              <div class="suite-section-content">
                <ul>
                  <li>
                    <span class="method-stats">23 methods, 5 failed,   18 passed</span>
                  </li>
                  <li>
                    <span class="method-list-title failed">Failed methods</span>
                    <span class="show-or-hide-methods failed">
                      <a href="#" panel-name="suite-Suite" class="hide-methods failed suite-Suite"> (hide)</a> <!-- hide-methods failed suite-Suite -->
                      <a href="#" panel-name="suite-Suite" class="show-methods failed suite-Suite"> (show)</a> <!-- show-methods failed suite-Suite -->
                    </span>
                    <div class="method-list-content failed suite-Suite">
                      <span>
                        <img src="failed.png" width="3%"/>
                        <a href="#" panel-name="suite-Suite" title="tests.FlightBookingTests" class="method navigator-link" hash-for-method="entering_Invalid_Payment_Details_for_Round_Trip_Flight_Booking">entering_Invalid_Payment_Details_for_Round_Trip_Flight_Booking</a> <!-- method navigator-link -->
                      </span>
                      <br/>
                      <span>
                        <img src="failed.png" width="3%"/>
                        <a href="#" panel-name="suite-Suite" title="tests.FlightBookingTests" class="method navigator-link" hash-for-method="entering_Valid_Payment_Details_for_One_Way_Trip_Flight_Booking">entering_Valid_Payment_Details_for_One_Way_Trip_Flight_Booking</a> <!-- method navigator-link -->
                      </span>
                      <br/>
                      <span>
                        <img src="failed.png" width="3%"/>
                        <a href="#" panel-name="suite-Suite" title="tests.FlightBookingTests" class="method navigator-link" hash-for-method="entering_Valid_Payment_Details_for_Round_Trip_Flight_Booking">entering_Valid_Payment_Details_for_Round_Trip_Flight_Booking</a> <!-- method navigator-link -->
                      </span>
                      <br/>
                      <span>
                        <img src="failed.png" width="3%"/>
                        <a href="#" panel-name="suite-Suite" title="tests.LoginTests" class="method navigator-link" hash-for-method="entering_Valid_User_Details">entering_Valid_User_Details</a> <!-- method navigator-link -->
                      </span>
                      <br/>
                      <span>
                        <img src="failed.png" width="3%"/>
                        <a href="#" panel-name="suite-Suite" title="tests.SignUpTests" class="method navigator-link" hash-for-method="entering_Valid_User_Details">entering_Valid_User_Details</a> <!-- method navigator-link -->
                      </span>
                      <br/>
                    </div> <!-- method-list-content failed suite-Suite -->
                  </li>
                  <li>
                    <span class="method-list-title passed">Passed methods</span>
                    <span class="show-or-hide-methods passed">
                      <a href="#" panel-name="suite-Suite" class="hide-methods passed suite-Suite"> (hide)</a> <!-- hide-methods passed suite-Suite -->
                      <a href="#" panel-name="suite-Suite" class="show-methods passed suite-Suite"> (show)</a> <!-- show-methods passed suite-Suite -->
                    </span>
                    <div class="method-list-content passed suite-Suite">
                      <span>
                        <img src="passed.png" width="3%"/>
                        <a href="#" panel-name="suite-Suite" title="tests.SignUpTests" class="method navigator-link" hash-for-method="entering_AlphaNumeric_value_in_each_Field">entering_AlphaNumeric_value_in_each_Field</a> <!-- method navigator-link -->
                      </span>
                      <br/>
                      <span>
                        <img src="passed.png" width="3%"/>
                        <a href="#" panel-name="suite-Suite" title="tests.FlightSearchTests" class="method navigator-link" hash-for-method="entering_Invalid_Flight_Search_Details_for_One_Way_Trip">entering_Invalid_Flight_Search_Details_for_One_Way_Trip</a> <!-- method navigator-link -->
                      </span>
                      <br/>
                      <span>
                        <img src="passed.png" width="3%"/>
                        <a href="#" panel-name="suite-Suite" title="tests.FlightSearchTests" class="method navigator-link" hash-for-method="entering_Invalid_Flight_Search_Details_for_Round_Trip">entering_Invalid_Flight_Search_Details_for_Round_Trip</a> <!-- method navigator-link -->
                      </span>
                      <br/>
                      <span>
                        <img src="passed.png" width="3%"/>
                        <a href="#" panel-name="suite-Suite" title="tests.LoginTests" class="method navigator-link" hash-for-method="entering_Invalid_Password">entering_Invalid_Password</a> <!-- method navigator-link -->
                      </span>
                      <br/>
                      <span>
                        <img src="passed.png" width="3%"/>
                        <a href="#" panel-name="suite-Suite" title="tests.FlightBookingTests" class="method navigator-link" hash-for-method="entering_Invalid_Payment_Details_for_One_Way_Trip_Flight_Booking">entering_Invalid_Payment_Details_for_One_Way_Trip_Flight_Booking</a> <!-- method navigator-link -->
                      </span>
                      <br/>
                      <span>
                        <img src="passed.png" width="3%"/>
                        <a href="#" panel-name="suite-Suite" title="tests.LoginTests" class="method navigator-link" hash-for-method="entering_Invalid_User_Name">entering_Invalid_User_Name</a> <!-- method navigator-link -->
                      </span>
                      <br/>
                      <span>
                        <img src="passed.png" width="3%"/>
                        <a href="#" panel-name="suite-Suite" title="tests.SignUpTests" class="method navigator-link" hash-for-method="entering_Symbolic_value_in_each_Field">entering_Symbolic_value_in_each_Field</a> <!-- method navigator-link -->
                      </span>
                      <br/>
                      <span>
                        <img src="passed.png" width="3%"/>
                        <a href="#" panel-name="suite-Suite" title="tests.FlightSearchTests" class="method navigator-link" hash-for-method="entering_Valid_Flight_Search_Details_for_One_Way_Trip">entering_Valid_Flight_Search_Details_for_One_Way_Trip</a> <!-- method navigator-link -->
                      </span>
                      <br/>
                      <span>
                        <img src="passed.png" width="3%"/>
                        <a href="#" panel-name="suite-Suite" title="tests.FlightSearchTests" class="method navigator-link" hash-for-method="entering_Valid_Flight_Search_Details_for_Round_Trip">entering_Valid_Flight_Search_Details_for_Round_Trip</a> <!-- method navigator-link -->
                      </span>
                      <br/>
                      <span>
                        <img src="passed.png" width="3%"/>
                        <a href="#" panel-name="suite-Suite" title="tests.SignUpTests" class="method navigator-link" hash-for-method="entering_numerical_value_in_each_Field">entering_numerical_value_in_each_Field</a> <!-- method navigator-link -->
                      </span>
                      <br/>
                      <span>
                        <img src="passed.png" width="3%"/>
                        <a href="#" panel-name="suite-Suite" title="tests.FlightSearchTests" class="method navigator-link" hash-for-method="modifying_Valid_Flight_Search_Details_for_One_Way_Trip">modifying_Valid_Flight_Search_Details_for_One_Way_Trip</a> <!-- method navigator-link -->
                      </span>
                      <br/>
                      <span>
                        <img src="passed.png" width="3%"/>
                        <a href="#" panel-name="suite-Suite" title="tests.FlightSearchTests" class="method navigator-link" hash-for-method="modifying_Valid_Flight_Search_Details_for_Round_Trip">modifying_Valid_Flight_Search_Details_for_Round_Trip</a> <!-- method navigator-link -->
                      </span>
                      <br/>
                      <span>
                        <img src="passed.png" width="3%"/>
                        <a href="#" panel-name="suite-Suite" title="tests.SignUpTests" class="method navigator-link" hash-for-method="password_Checklist_Validation">password_Checklist_Validation</a> <!-- method navigator-link -->
                      </span>
                      <br/>
                      <span>
                        <img src="passed.png" width="3%"/>
                        <a href="#" panel-name="suite-Suite" title="tests.FieldAvailabilityValidationTests" class="method navigator-link" hash-for-method="validating_Check_in_field_availability">validating_Check_in_field_availability</a> <!-- method navigator-link -->
                      </span>
                      <br/>
                      <span>
                        <img src="passed.png" width="3%"/>
                        <a href="#" panel-name="suite-Suite" title="tests.FieldAvailabilityValidationTests" class="method navigator-link" hash-for-method="validating_Flight_Status_field_availability">validating_Flight_Status_field_availability</a> <!-- method navigator-link -->
                      </span>
                      <br/>
                      <span>
                        <img src="passed.png" width="3%"/>
                        <a href="#" panel-name="suite-Suite" title="tests.FieldAvailabilityValidationTests" class="method navigator-link" hash-for-method="validating_Manage_Booking_field_availability">validating_Manage_Booking_field_availability</a> <!-- method navigator-link -->
                      </span>
                      <br/>
                      <span>
                        <img src="passed.png" width="3%"/>
                        <a href="#" panel-name="suite-Suite" title="tests.SignUpTests" class="method navigator-link" hash-for-method="validating_the_OTP_Details">validating_the_OTP_Details</a> <!-- method navigator-link -->
                      </span>
                      <br/>
                      <span>
                        <img src="passed.png" width="3%"/>
                        <a href="#" panel-name="suite-Suite" title="tests.SignUpTests" class="method navigator-link" hash-for-method="without_entering_User_Details">without_entering_User_Details</a> <!-- method navigator-link -->
                      </span>
                      <br/>
                    </div> <!-- method-list-content passed suite-Suite -->
                  </li>
                </ul>
              </div> <!-- suite-section-content -->
            </div> <!-- result-section -->
          </div> <!-- navigator-suite-content -->
        </div> <!-- rounded-window -->
      </div> <!-- suite -->
    </div> <!-- navigator-root -->
    <div class="wrapper">
      <div class="main-panel-root">
        <div panel-name="suite-Suite" class="panel Suite">
          <div class="suite-Suite-class-failed">
            <div class="main-panel-header rounded-window-top">
              <img src="failed.png"/>
              <span class="class-name">tests.LoginTests</span>
            </div> <!-- main-panel-header rounded-window-top -->
            <div class="main-panel-content rounded-window-bottom">
              <div class="method">
                <div class="method-content">
                  <a name="entering_Valid_User_Details">
                  </a> <!-- entering_Valid_User_Details -->
                  <span class="method-name">entering_Valid_User_Details</span>
                  <div class="stack-trace">java.lang.AssertionError: User not Registered expected [true] but found [false]
	at pageObjects.HomePage.validateProfileName(HomePage.java:108)
	at pageObjects.LoginPage.performLoginValidation(LoginPage.java:244)
	at tests.LoginTests.entering_Valid_User_Details(LoginTests.java:71)
	at java.base/java.util.ArrayList.forEach(ArrayList.java:1511)
... Removed 30 stack frames
</div> <!-- stack-trace -->
                </div> <!-- method-content -->
              </div> <!-- method -->
            </div> <!-- main-panel-content rounded-window-bottom -->
          </div> <!-- suite-Suite-class-failed -->
          <div class="suite-Suite-class-failed">
            <div class="main-panel-header rounded-window-top">
              <img src="failed.png"/>
              <span class="class-name">tests.FlightBookingTests</span>
            </div> <!-- main-panel-header rounded-window-top -->
            <div class="main-panel-content rounded-window-bottom">
              <div class="method">
                <div class="method-content">
                  <a name="entering_Invalid_Payment_Details_for_Round_Trip_Flight_Booking">
                  </a> <!-- entering_Invalid_Payment_Details_for_Round_Trip_Flight_Booking -->
                  <span class="method-name">entering_Invalid_Payment_Details_for_Round_Trip_Flight_Booking</span>
                  <div class="stack-trace">org.openqa.selenium.json.JsonException: java.lang.reflect.InvocationTargetException
Build info: version: &apos;4.20.0&apos;, revision: &apos;866c76ca80&apos;
System info: os.name: &apos;Windows 10&apos;, os.arch: &apos;amd64&apos;, os.version: &apos;10.0&apos;, java.version: &apos;16.0.2&apos;
Driver info: org.openqa.selenium.chrome.ChromeDriver
Command: [d5a79ea43fa89c48dffa356ded49788e, actions {actions=[org.openqa.selenium.interactions.Sequence@3fe902f5]}]
Capabilities {acceptInsecureCerts: false, browserName: chrome, browserVersion: 128.0.6613.113, chrome: {chromedriverVersion: 128.0.6613.86 (3045ed680fda..., userDataDir: C:\Users\ARAVIN~1\AppData\L...}, fedcm:accounts: true, goog:chromeOptions: {debuggerAddress: localhost:56248}, networkConnectionEnabled: false, pageLoadStrategy: normal, platformName: windows, proxy: Proxy(), se:cdp: ws://localhost:56248/devtoo..., se:cdpVersion: 128.0.6613.113, setWindowRect: true, strictFileInteractability: false, timeouts: {implicit: 0, pageLoad: 300000, script: 30000}, unhandledPromptBehavior: dismiss and notify, webauthn:extension:credBlob: true, webauthn:extension:largeBlob: true, webauthn:extension:minPinLength: true, webauthn:extension:prf: true, webauthn:virtualAuthenticators: true}
Session ID: d5a79ea43fa89c48dffa356ded49788e
	at org.openqa.selenium.json.JsonOutput.convertUsingMethod(JsonOutput.java:520)
	at org.openqa.selenium.json.JsonOutput.lambda$new$16(JsonOutput.java:182)
	at org.openqa.selenium.json.JsonOutput.write0(JsonOutput.java:409)
	at org.openqa.selenium.json.JsonOutput.lambda$new$22(JsonOutput.java:204)
	at java.base/java.util.stream.ForEachOps$ForEachOp$OfRef.accept(ForEachOps.java:183)
	at java.base/java.util.stream.ReferencePipeline$2$1.accept(ReferencePipeline.java:179)
	at java.base/java.util.Iterator.forEachRemaining(Iterator.java:133)
	at java.base/java.util.Spliterators$IteratorSpliterator.forEachRemaining(Spliterators.java:1801)
	at java.base/java.util.stream.AbstractPipeline.copyInto(AbstractPipeline.java:484)
	at java.base/java.util.stream.AbstractPipeline.wrapAndCopyInto(AbstractPipeline.java:474)
	at java.base/java.util.stream.ForEachOps$ForEachOp.evaluateSequential(ForEachOps.java:150)
	at java.base/java.util.stream.ForEachOps$ForEachOp$OfRef.evaluateSequential(ForEachOps.java:173)
	at java.base/java.util.stream.AbstractPipeline.evaluate(AbstractPipeline.java:234)
	at java.base/java.util.stream.ReferencePipeline.forEach(ReferencePipeline.java:596)
	at org.openqa.selenium.json.JsonOutput.lambda$new$23(JsonOutput.java:204)
	at org.openqa.selenium.json.JsonOutput.write0(JsonOutput.java:409)
	at org.openqa.selenium.json.JsonOutput.lambda$new$24(JsonOutput.java:222)
	at java.base/java.util.Map.forEach(Map.java:663)
	at org.openqa.selenium.json.JsonOutput.lambda$new$25(JsonOutput.java:217)
	at org.openqa.selenium.json.JsonOutput.write0(JsonOutput.java:409)
	at org.openqa.selenium.json.JsonOutput.write(JsonOutput.java:400)
	at org.openqa.selenium.json.Json.toJson(Json.java:133)
	at org.openqa.selenium.json.Json.toJson(Json.java:119)
	at org.openqa.selenium.remote.codec.AbstractHttpCommandCodec.encode(AbstractHttpCommandCodec.java:245)
	at org.openqa.selenium.remote.codec.AbstractHttpCommandCodec.encode(AbstractHttpCommandCodec.java:111)
	at org.openqa.selenium.remote.HttpCommandExecutor.execute(HttpCommandExecutor.java:178)
	at org.openqa.selenium.remote.service.DriverCommandExecutor.invokeExecute(DriverCommandExecutor.java:216)
	at org.openqa.selenium.remote.service.DriverCommandExecutor.execute(DriverCommandExecutor.java:174)
	at org.openqa.selenium.remote.RemoteWebDriver.execute(RemoteWebDriver.java:518)
	at org.openqa.selenium.remote.RemoteWebDriver.perform(RemoteWebDriver.java:604)
	at org.openqa.selenium.interactions.Actions$BuiltAction.perform(Actions.java:603)
	at base.BaseComponents.clickButton(BaseComponents.java:68)
	at pageObjects.FlightBookingPage.bookFlight(FlightBookingPage.java:197)
	at tests.FlightBookingTests.entering_Invalid_Payment_Details_for_Round_Trip_Flight_Booking(FlightBookingTests.java:80)
	at java.base/java.util.ArrayList.forEach(ArrayList.java:1511)
	Suppressed: org.openqa.selenium.json.JsonException: Attempting to close incomplete json stream
Build info: version: &apos;4.20.0&apos;, revision: &apos;866c76ca80&apos;
System info: os.name: &apos;Windows 10&apos;, os.arch: &apos;amd64&apos;, os.version: &apos;10.0&apos;, java.version: &apos;16.0.2&apos;
Driver info: driver.version: RemoteWebDriver
		at org.openqa.selenium.json.JsonOutput.close(JsonOutput.java:431)
		at org.openqa.selenium.json.Json.toJson(Json.java:131)
		... 40 more
	at org.openqa.selenium.json.JsonOutput.convertUsingMethod(JsonOutput.java:516)
	... 61 more
Caused by: org.openqa.selenium.NoSuchElementException: no such element: Unable to locate element: {&quot;method&quot;:&quot;xpath&quot;,&quot;selector&quot;:&quot;//*[@data-testid=&apos;traveller-3-title-field&apos;]&quot;}
  (Session info: chrome=128.0.6613.113)
For documentation on this error, please visit: https://www.selenium.dev/documentation/webdriver/troubleshooting/errors#no-such-element-exception
Build info: version: &apos;4.20.0&apos;, revision: &apos;866c76ca80&apos;
System info: os.name: &apos;Windows 10&apos;, os.arch: &apos;amd64&apos;, os.version: &apos;10.0&apos;, java.version: &apos;16.0.2&apos;
Driver info: org.openqa.selenium.chrome.ChromeDriver
Command: [d5a79ea43fa89c48dffa356ded49788e, findElement {using=xpath, value=//*[@data-testid=&apos;traveller-3-title-field&apos;]}]
Capabilities {acceptInsecureCerts: false, browserName: chrome, browserVersion: 128.0.6613.113, chrome: {chromedriverVersion: 128.0.6613.86 (3045ed680fda..., userDataDir: C:\Users\ARAVIN~1\AppData\L...}, fedcm:accounts: true, goog:chromeOptions: {debuggerAddress: localhost:56248}, networkConnectionEnabled: false, pageLoadStrategy: normal, platformName: windows, proxy: Proxy(), se:cdp: ws://localhost:56248/devtoo..., se:cdpVersion: 128.0.6613.113, setWindowRect: true, strictFileInteractability: false, timeouts: {implicit: 0, pageLoad: 300000, script: 30000}, unhandledPromptBehavior: dismiss and notify, webauthn:extension:credBlob: true, webauthn:extension:largeBlob: true, webauthn:extension:minPinLength: true, webauthn:extension:prf: true, webauthn:virtualAuthenticators: true}
Session ID: d5a79ea43fa89c48dffa356ded49788e
	at org.openqa.selenium.remote.ErrorCodec.decode(ErrorCodec.java:167)
	at org.openqa.selenium.remote.codec.w3c.W3CHttpResponseCodec.decode(W3CHttpResponseCodec.java:138)
	at org.openqa.selenium.remote.codec.w3c.W3CHttpResponseCodec.decode(W3CHttpResponseCodec.java:50)
	at org.openqa.selenium.remote.HttpCommandExecutor.execute(HttpCommandExecutor.java:190)
	at org.openqa.selenium.remote.service.DriverCommandExecutor.invokeExecute(DriverCommandExecutor.java:216)
	at org.openqa.selenium.remote.service.DriverCommandExecutor.execute(DriverCommandExecutor.java:174)
	at org.openqa.selenium.remote.RemoteWebDriver.execute(RemoteWebDriver.java:518)
	at org.openqa.selenium.remote.ElementLocation$ElementFinder$2.findElement(ElementLocation.java:165)
	at org.openqa.selenium.remote.ElementLocation.findElement(ElementLocation.java:59)
	at org.openqa.selenium.remote.RemoteWebDriver.findElement(RemoteWebDriver.java:355)
	at org.openqa.selenium.remote.RemoteWebDriver.findElement(RemoteWebDriver.java:349)
	at org.openqa.selenium.support.pagefactory.DefaultElementLocator.findElement(DefaultElementLocator.java:68)
	at org.openqa.selenium.support.pagefactory.internal.LocatingElementHandler.invoke(LocatingElementHandler.java:38)
	at jdk.proxy2/jdk.proxy2.$Proxy12.getWrappedElement(Unknown Source)
	at org.openqa.selenium.interactions.PointerInput$Origin.asArg(PointerInput.java:259)
	at org.openqa.selenium.interactions.PointerInput$Move.encode(PointerInput.java:208)
	at org.openqa.selenium.interactions.Sequence.encode(Sequence.java:72)
	at org.openqa.selenium.interactions.Sequence.toJson(Sequence.java:81)
	... 65 more
... Removed 35 stack frames
</div> <!-- stack-trace -->
                </div> <!-- method-content -->
              </div> <!-- method -->
              <div class="method">
                <div class="method-content">
                  <a name="entering_Valid_Payment_Details_for_One_Way_Trip_Flight_Booking">
                  </a> <!-- entering_Valid_Payment_Details_for_One_Way_Trip_Flight_Booking -->
                  <span class="method-name">entering_Valid_Payment_Details_for_One_Way_Trip_Flight_Booking</span>
                  <div class="stack-trace">java.lang.AssertionError: expected [Your booking is confirmed!, Thank you for booking SpiceJet Flight Service] but found [Important Notification
Reference Id: PQQVWJPK
Please contact support in case of payment failure.
Payment Failure
Sorry! We’re having trouble processing your payment. Incase your booking is not confirmed but your amount is deducted then it will be auto refunded in 7 working days towards your account. You may contact our reservation helpline number +91(0)124 4983410/ +91(0)124 7101600  with Transaction ID - IY5YV1J6 for assistance.
Payment Methods
Credit/Debit Card
NetBanking
UPI
Wallets
EMI
Credit Shell
SC Points
Voucher
Available EMI
Enter Debit / Credit Card Details
Card Number
Please enter a valid card
Card Holder Name
Please enter a valid name
Expiry
CVV
I have read and understood all the Terms and Conditions. I agree to proceed.]
	at pageObjects.PaymentPage.validateBooking(PaymentPage.java:111)
	at pageObjects.PaymentPage.proceedToPayment(PaymentPage.java:103)
	at tests.FlightBookingTests.entering_Valid_Payment_Details_for_One_Way_Trip_Flight_Booking(FlightBookingTests.java:31)
	at java.base/java.util.ArrayList.forEach(ArrayList.java:1511)
... Removed 33 stack frames
</div> <!-- stack-trace -->
                </div> <!-- method-content -->
              </div> <!-- method -->
              <div class="method">
                <div class="method-content">
                  <a name="entering_Valid_Payment_Details_for_Round_Trip_Flight_Booking">
                  </a> <!-- entering_Valid_Payment_Details_for_Round_Trip_Flight_Booking -->
                  <span class="method-name">entering_Valid_Payment_Details_for_Round_Trip_Flight_Booking</span>
                  <div class="stack-trace">org.openqa.selenium.json.JsonException: java.lang.reflect.InvocationTargetException
Build info: version: &apos;4.20.0&apos;, revision: &apos;866c76ca80&apos;
System info: os.name: &apos;Windows 10&apos;, os.arch: &apos;amd64&apos;, os.version: &apos;10.0&apos;, java.version: &apos;16.0.2&apos;
Driver info: org.openqa.selenium.chrome.ChromeDriver
Command: [99b53aad7a01c0da7a0522bd690de70b, actions {actions=[org.openqa.selenium.interactions.Sequence@50ba1574]}]
Capabilities {acceptInsecureCerts: false, browserName: chrome, browserVersion: 128.0.6613.113, chrome: {chromedriverVersion: 128.0.6613.86 (3045ed680fda..., userDataDir: C:\Users\ARAVIN~1\AppData\L...}, fedcm:accounts: true, goog:chromeOptions: {debuggerAddress: localhost:56110}, networkConnectionEnabled: false, pageLoadStrategy: normal, platformName: windows, proxy: Proxy(), se:cdp: ws://localhost:56110/devtoo..., se:cdpVersion: 128.0.6613.113, setWindowRect: true, strictFileInteractability: false, timeouts: {implicit: 0, pageLoad: 300000, script: 30000}, unhandledPromptBehavior: dismiss and notify, webauthn:extension:credBlob: true, webauthn:extension:largeBlob: true, webauthn:extension:minPinLength: true, webauthn:extension:prf: true, webauthn:virtualAuthenticators: true}
Session ID: 99b53aad7a01c0da7a0522bd690de70b
	at org.openqa.selenium.json.JsonOutput.convertUsingMethod(JsonOutput.java:520)
	at org.openqa.selenium.json.JsonOutput.lambda$new$16(JsonOutput.java:182)
	at org.openqa.selenium.json.JsonOutput.write0(JsonOutput.java:409)
	at org.openqa.selenium.json.JsonOutput.lambda$new$22(JsonOutput.java:204)
	at java.base/java.util.stream.ForEachOps$ForEachOp$OfRef.accept(ForEachOps.java:183)
	at java.base/java.util.stream.ReferencePipeline$2$1.accept(ReferencePipeline.java:179)
	at java.base/java.util.Iterator.forEachRemaining(Iterator.java:133)
	at java.base/java.util.Spliterators$IteratorSpliterator.forEachRemaining(Spliterators.java:1801)
	at java.base/java.util.stream.AbstractPipeline.copyInto(AbstractPipeline.java:484)
	at java.base/java.util.stream.AbstractPipeline.wrapAndCopyInto(AbstractPipeline.java:474)
	at java.base/java.util.stream.ForEachOps$ForEachOp.evaluateSequential(ForEachOps.java:150)
	at java.base/java.util.stream.ForEachOps$ForEachOp$OfRef.evaluateSequential(ForEachOps.java:173)
	at java.base/java.util.stream.AbstractPipeline.evaluate(AbstractPipeline.java:234)
	at java.base/java.util.stream.ReferencePipeline.forEach(ReferencePipeline.java:596)
	at org.openqa.selenium.json.JsonOutput.lambda$new$23(JsonOutput.java:204)
	at org.openqa.selenium.json.JsonOutput.write0(JsonOutput.java:409)
	at org.openqa.selenium.json.JsonOutput.lambda$new$24(JsonOutput.java:222)
	at java.base/java.util.Map.forEach(Map.java:663)
	at org.openqa.selenium.json.JsonOutput.lambda$new$25(JsonOutput.java:217)
	at org.openqa.selenium.json.JsonOutput.write0(JsonOutput.java:409)
	at org.openqa.selenium.json.JsonOutput.write(JsonOutput.java:400)
	at org.openqa.selenium.json.Json.toJson(Json.java:133)
	at org.openqa.selenium.json.Json.toJson(Json.java:119)
	at org.openqa.selenium.remote.codec.AbstractHttpCommandCodec.encode(AbstractHttpCommandCodec.java:245)
	at org.openqa.selenium.remote.codec.AbstractHttpCommandCodec.encode(AbstractHttpCommandCodec.java:111)
	at org.openqa.selenium.remote.HttpCommandExecutor.execute(HttpCommandExecutor.java:178)
	at org.openqa.selenium.remote.service.DriverCommandExecutor.invokeExecute(DriverCommandExecutor.java:216)
	at org.openqa.selenium.remote.service.DriverCommandExecutor.execute(DriverCommandExecutor.java:174)
	at org.openqa.selenium.remote.RemoteWebDriver.execute(RemoteWebDriver.java:518)
	at org.openqa.selenium.remote.RemoteWebDriver.perform(RemoteWebDriver.java:604)
	at org.openqa.selenium.interactions.Actions$BuiltAction.perform(Actions.java:603)
	at base.BaseComponents.clickButton(BaseComponents.java:68)
	at pageObjects.FlightBookingPage.bookFlight(FlightBookingPage.java:197)
	at tests.FlightBookingTests.entering_Valid_Payment_Details_for_Round_Trip_Flight_Booking(FlightBookingTests.java:63)
	at java.base/java.util.ArrayList.forEach(ArrayList.java:1511)
	Suppressed: org.openqa.selenium.json.JsonException: Attempting to close incomplete json stream
Build info: version: &apos;4.20.0&apos;, revision: &apos;866c76ca80&apos;
System info: os.name: &apos;Windows 10&apos;, os.arch: &apos;amd64&apos;, os.version: &apos;10.0&apos;, java.version: &apos;16.0.2&apos;
Driver info: driver.version: RemoteWebDriver
		at org.openqa.selenium.json.JsonOutput.close(JsonOutput.java:431)
		at org.openqa.selenium.json.Json.toJson(Json.java:131)
		... 40 more
	at org.openqa.selenium.json.JsonOutput.convertUsingMethod(JsonOutput.java:516)
	... 61 more
Caused by: org.openqa.selenium.NoSuchElementException: no such element: Unable to locate element: {&quot;method&quot;:&quot;xpath&quot;,&quot;selector&quot;:&quot;//*[@data-testid=&apos;traveller-3-title-field&apos;]&quot;}
  (Session info: chrome=128.0.6613.113)
For documentation on this error, please visit: https://www.selenium.dev/documentation/webdriver/troubleshooting/errors#no-such-element-exception
Build info: version: &apos;4.20.0&apos;, revision: &apos;866c76ca80&apos;
System info: os.name: &apos;Windows 10&apos;, os.arch: &apos;amd64&apos;, os.version: &apos;10.0&apos;, java.version: &apos;16.0.2&apos;
Driver info: org.openqa.selenium.chrome.ChromeDriver
Command: [99b53aad7a01c0da7a0522bd690de70b, findElement {using=xpath, value=//*[@data-testid=&apos;traveller-3-title-field&apos;]}]
Capabilities {acceptInsecureCerts: false, browserName: chrome, browserVersion: 128.0.6613.113, chrome: {chromedriverVersion: 128.0.6613.86 (3045ed680fda..., userDataDir: C:\Users\ARAVIN~1\AppData\L...}, fedcm:accounts: true, goog:chromeOptions: {debuggerAddress: localhost:56110}, networkConnectionEnabled: false, pageLoadStrategy: normal, platformName: windows, proxy: Proxy(), se:cdp: ws://localhost:56110/devtoo..., se:cdpVersion: 128.0.6613.113, setWindowRect: true, strictFileInteractability: false, timeouts: {implicit: 0, pageLoad: 300000, script: 30000}, unhandledPromptBehavior: dismiss and notify, webauthn:extension:credBlob: true, webauthn:extension:largeBlob: true, webauthn:extension:minPinLength: true, webauthn:extension:prf: true, webauthn:virtualAuthenticators: true}
Session ID: 99b53aad7a01c0da7a0522bd690de70b
	at org.openqa.selenium.remote.ErrorCodec.decode(ErrorCodec.java:167)
	at org.openqa.selenium.remote.codec.w3c.W3CHttpResponseCodec.decode(W3CHttpResponseCodec.java:138)
	at org.openqa.selenium.remote.codec.w3c.W3CHttpResponseCodec.decode(W3CHttpResponseCodec.java:50)
	at org.openqa.selenium.remote.HttpCommandExecutor.execute(HttpCommandExecutor.java:190)
	at org.openqa.selenium.remote.service.DriverCommandExecutor.invokeExecute(DriverCommandExecutor.java:216)
	at org.openqa.selenium.remote.service.DriverCommandExecutor.execute(DriverCommandExecutor.java:174)
	at org.openqa.selenium.remote.RemoteWebDriver.execute(RemoteWebDriver.java:518)
	at org.openqa.selenium.remote.ElementLocation$ElementFinder$2.findElement(ElementLocation.java:165)
	at org.openqa.selenium.remote.ElementLocation.findElement(ElementLocation.java:59)
	at org.openqa.selenium.remote.RemoteWebDriver.findElement(RemoteWebDriver.java:355)
	at org.openqa.selenium.remote.RemoteWebDriver.findElement(RemoteWebDriver.java:349)
	at org.openqa.selenium.support.pagefactory.DefaultElementLocator.findElement(DefaultElementLocator.java:68)
	at org.openqa.selenium.support.pagefactory.internal.LocatingElementHandler.invoke(LocatingElementHandler.java:38)
	at jdk.proxy2/jdk.proxy2.$Proxy12.getWrappedElement(Unknown Source)
	at org.openqa.selenium.interactions.PointerInput$Origin.asArg(PointerInput.java:259)
	at org.openqa.selenium.interactions.PointerInput$Move.encode(PointerInput.java:208)
	at org.openqa.selenium.interactions.Sequence.encode(Sequence.java:72)
	at org.openqa.selenium.interactions.Sequence.toJson(Sequence.java:81)
	... 65 more
... Removed 36 stack frames
</div> <!-- stack-trace -->
                </div> <!-- method-content -->
              </div> <!-- method -->
            </div> <!-- main-panel-content rounded-window-bottom -->
          </div> <!-- suite-Suite-class-failed -->
          <div class="suite-Suite-class-failed">
            <div class="main-panel-header rounded-window-top">
              <img src="failed.png"/>
              <span class="class-name">tests.SignUpTests</span>
            </div> <!-- main-panel-header rounded-window-top -->
            <div class="main-panel-content rounded-window-bottom">
              <div class="method">
                <div class="method-content">
                  <a name="entering_Valid_User_Details">
                  </a> <!-- entering_Valid_User_Details -->
                  <span class="method-name">entering_Valid_User_Details</span>
                  <div class="stack-trace">java.lang.AssertionError: User not Registered expected [true] but found [false]
	at pageObjects.HomePage.validateProfileName(HomePage.java:108)
	at tests.SignUpTests.entering_Valid_User_Details(SignUpTests.java:293)
	at java.base/java.util.ArrayList.forEach(ArrayList.java:1511)
... Removed 30 stack frames
</div> <!-- stack-trace -->
                </div> <!-- method-content -->
              </div> <!-- method -->
            </div> <!-- main-panel-content rounded-window-bottom -->
          </div> <!-- suite-Suite-class-failed -->
          <div class="suite-Suite-class-passed">
            <div class="main-panel-header rounded-window-top">
              <img src="passed.png"/>
              <span class="class-name">tests.FlightSearchTests</span>
            </div> <!-- main-panel-header rounded-window-top -->
            <div class="main-panel-content rounded-window-bottom">
              <div class="method">
                <div class="method-content">
                  <a name="entering_Invalid_Flight_Search_Details_for_One_Way_Trip">
                  </a> <!-- entering_Invalid_Flight_Search_Details_for_One_Way_Trip -->
                  <span class="method-name">entering_Invalid_Flight_Search_Details_for_One_Way_Trip</span>
                </div> <!-- method-content -->
              </div> <!-- method -->
              <div class="method">
                <div class="method-content">
                  <a name="entering_Invalid_Flight_Search_Details_for_Round_Trip">
                  </a> <!-- entering_Invalid_Flight_Search_Details_for_Round_Trip -->
                  <span class="method-name">entering_Invalid_Flight_Search_Details_for_Round_Trip</span>
                </div> <!-- method-content -->
              </div> <!-- method -->
              <div class="method">
                <div class="method-content">
                  <a name="entering_Valid_Flight_Search_Details_for_One_Way_Trip">
                  </a> <!-- entering_Valid_Flight_Search_Details_for_One_Way_Trip -->
                  <span class="method-name">entering_Valid_Flight_Search_Details_for_One_Way_Trip</span>
                </div> <!-- method-content -->
              </div> <!-- method -->
              <div class="method">
                <div class="method-content">
                  <a name="entering_Valid_Flight_Search_Details_for_Round_Trip">
                  </a> <!-- entering_Valid_Flight_Search_Details_for_Round_Trip -->
                  <span class="method-name">entering_Valid_Flight_Search_Details_for_Round_Trip</span>
                </div> <!-- method-content -->
              </div> <!-- method -->
              <div class="method">
                <div class="method-content">
                  <a name="modifying_Valid_Flight_Search_Details_for_One_Way_Trip">
                  </a> <!-- modifying_Valid_Flight_Search_Details_for_One_Way_Trip -->
                  <span class="method-name">modifying_Valid_Flight_Search_Details_for_One_Way_Trip</span>
                </div> <!-- method-content -->
              </div> <!-- method -->
              <div class="method">
                <div class="method-content">
                  <a name="modifying_Valid_Flight_Search_Details_for_Round_Trip">
                  </a> <!-- modifying_Valid_Flight_Search_Details_for_Round_Trip -->
                  <span class="method-name">modifying_Valid_Flight_Search_Details_for_Round_Trip</span>
                </div> <!-- method-content -->
              </div> <!-- method -->
            </div> <!-- main-panel-content rounded-window-bottom -->
          </div> <!-- suite-Suite-class-passed -->
          <div class="suite-Suite-class-passed">
            <div class="main-panel-header rounded-window-top">
              <img src="passed.png"/>
              <span class="class-name">tests.FieldAvailabilityValidationTests</span>
            </div> <!-- main-panel-header rounded-window-top -->
            <div class="main-panel-content rounded-window-bottom">
              <div class="method">
                <div class="method-content">
                  <a name="validating_Check_in_field_availability">
                  </a> <!-- validating_Check_in_field_availability -->
                  <span class="method-name">validating_Check_in_field_availability</span>
                </div> <!-- method-content -->
              </div> <!-- method -->
              <div class="method">
                <div class="method-content">
                  <a name="validating_Flight_Status_field_availability">
                  </a> <!-- validating_Flight_Status_field_availability -->
                  <span class="method-name">validating_Flight_Status_field_availability</span>
                </div> <!-- method-content -->
              </div> <!-- method -->
              <div class="method">
                <div class="method-content">
                  <a name="validating_Manage_Booking_field_availability">
                  </a> <!-- validating_Manage_Booking_field_availability -->
                  <span class="method-name">validating_Manage_Booking_field_availability</span>
                </div> <!-- method-content -->
              </div> <!-- method -->
            </div> <!-- main-panel-content rounded-window-bottom -->
          </div> <!-- suite-Suite-class-passed -->
          <div class="suite-Suite-class-passed">
            <div class="main-panel-header rounded-window-top">
              <img src="passed.png"/>
              <span class="class-name">tests.FlightBookingTests</span>
            </div> <!-- main-panel-header rounded-window-top -->
            <div class="main-panel-content rounded-window-bottom">
              <div class="method">
                <div class="method-content">
                  <a name="entering_Invalid_Payment_Details_for_One_Way_Trip_Flight_Booking">
                  </a> <!-- entering_Invalid_Payment_Details_for_One_Way_Trip_Flight_Booking -->
                  <span class="method-name">entering_Invalid_Payment_Details_for_One_Way_Trip_Flight_Booking</span>
                </div> <!-- method-content -->
              </div> <!-- method -->
            </div> <!-- main-panel-content rounded-window-bottom -->
          </div> <!-- suite-Suite-class-passed -->
          <div class="suite-Suite-class-passed">
            <div class="main-panel-header rounded-window-top">
              <img src="passed.png"/>
              <span class="class-name">tests.LoginTests</span>
            </div> <!-- main-panel-header rounded-window-top -->
            <div class="main-panel-content rounded-window-bottom">
              <div class="method">
                <div class="method-content">
                  <a name="entering_Invalid_Password">
                  </a> <!-- entering_Invalid_Password -->
                  <span class="method-name">entering_Invalid_Password</span>
                </div> <!-- method-content -->
              </div> <!-- method -->
              <div class="method">
                <div class="method-content">
                  <a name="entering_Invalid_User_Name">
                  </a> <!-- entering_Invalid_User_Name -->
                  <span class="method-name">entering_Invalid_User_Name</span>
                </div> <!-- method-content -->
              </div> <!-- method -->
            </div> <!-- main-panel-content rounded-window-bottom -->
          </div> <!-- suite-Suite-class-passed -->
          <div class="suite-Suite-class-passed">
            <div class="main-panel-header rounded-window-top">
              <img src="passed.png"/>
              <span class="class-name">tests.SignUpTests</span>
            </div> <!-- main-panel-header rounded-window-top -->
            <div class="main-panel-content rounded-window-bottom">
              <div class="method">
                <div class="method-content">
                  <a name="entering_AlphaNumeric_value_in_each_Field">
                  </a> <!-- entering_AlphaNumeric_value_in_each_Field -->
                  <span class="method-name">entering_AlphaNumeric_value_in_each_Field</span>
                </div> <!-- method-content -->
              </div> <!-- method -->
              <div class="method">
                <div class="method-content">
                  <a name="entering_Symbolic_value_in_each_Field">
                  </a> <!-- entering_Symbolic_value_in_each_Field -->
                  <span class="method-name">entering_Symbolic_value_in_each_Field</span>
                </div> <!-- method-content -->
              </div> <!-- method -->
              <div class="method">
                <div class="method-content">
                  <a name="entering_numerical_value_in_each_Field">
                  </a> <!-- entering_numerical_value_in_each_Field -->
                  <span class="method-name">entering_numerical_value_in_each_Field</span>
                </div> <!-- method-content -->
              </div> <!-- method -->
              <div class="method">
                <div class="method-content">
                  <a name="password_Checklist_Validation">
                  </a> <!-- password_Checklist_Validation -->
                  <span class="method-name">password_Checklist_Validation</span>
                </div> <!-- method-content -->
              </div> <!-- method -->
              <div class="method">
                <div class="method-content">
                  <a name="validating_the_OTP_Details">
                  </a> <!-- validating_the_OTP_Details -->
                  <span class="method-name">validating_the_OTP_Details</span>
                </div> <!-- method-content -->
              </div> <!-- method -->
              <div class="method">
                <div class="method-content">
                  <a name="without_entering_User_Details">
                  </a> <!-- without_entering_User_Details -->
                  <span class="method-name">without_entering_User_Details</span>
                </div> <!-- method-content -->
              </div> <!-- method -->
            </div> <!-- main-panel-content rounded-window-bottom -->
          </div> <!-- suite-Suite-class-passed -->
        </div> <!-- panel Suite -->
        <div panel-name="test-xml-Suite" class="panel">
          <div class="main-panel-header rounded-window-top">
            <span class="header-content">S:\Eclipse Workspace\AT_SpiceJet_Capstone_Project_GUVI\testng.xml</span>
          </div> <!-- main-panel-header rounded-window-top -->
          <div class="main-panel-content rounded-window-bottom">
            <pre>
&lt;?xml version=&quot;1.0&quot; encoding=&quot;UTF-8&quot;?&gt;
&lt;!DOCTYPE suite SYSTEM &quot;https://testng.org/testng-1.0.dtd&quot;&gt;
&lt;suite name=&quot;Suite&quot; guice-stage=&quot;DEVELOPMENT&quot;&gt;
  &lt;listeners&gt;
    &lt;listener class-name=&quot;base.Listeners&quot;/&gt;
  &lt;/listeners&gt;
  &lt;test thread-count=&quot;5&quot; name=&quot;Test&quot;&gt;
    &lt;classes&gt;
      &lt;class name=&quot;tests.SignUpTests&quot;/&gt;
      &lt;class name=&quot;tests.LoginTests&quot;/&gt;
      &lt;class name=&quot;tests.FlightSearchTests&quot;/&gt;
      &lt;class name=&quot;tests.FlightBookingTests&quot;/&gt;
      &lt;class name=&quot;tests.FieldAvailabilityValidationTests&quot;/&gt;
    &lt;/classes&gt;
  &lt;/test&gt; &lt;!-- Test --&gt;
&lt;/suite&gt; &lt;!-- Suite --&gt;
            </pre>
          </div> <!-- main-panel-content rounded-window-bottom -->
        </div> <!-- panel -->
        <div panel-name="testlist-Suite" class="panel">
          <div class="main-panel-header rounded-window-top">
            <span class="header-content">Tests for Suite</span>
          </div> <!-- main-panel-header rounded-window-top -->
          <div class="main-panel-content rounded-window-bottom">
            <ul>
              <li>
                <span class="test-name">Test (5 classes)</span>
              </li>
            </ul>
          </div> <!-- main-panel-content rounded-window-bottom -->
        </div> <!-- panel -->
        <div panel-name="group-Suite" class="panel">
          <div class="main-panel-header rounded-window-top">
            <span class="header-content">Groups for Suite</span>
          </div> <!-- main-panel-header rounded-window-top -->
          <div class="main-panel-content rounded-window-bottom">
          </div> <!-- main-panel-content rounded-window-bottom -->
        </div> <!-- panel -->
        <div panel-name="times-Suite" class="panel">
          <div class="main-panel-header rounded-window-top">
            <span class="header-content">Times for Suite</span>
          </div> <!-- main-panel-header rounded-window-top -->
          <div class="main-panel-content rounded-window-bottom">
            <div class="times-div">
              <script type="text/javascript">
suiteTableInitFunctions.push('tableData_Suite');
function tableData_Suite() {
var data = new google.visualization.DataTable();
data.addColumn('number', 'Number');
data.addColumn('string', 'Method');
data.addColumn('string', 'Class');
data.addColumn('number', 'Time (ms)');
data.addRows(23);
data.setCell(0, 0, 0)
data.setCell(0, 1, 'entering_Invalid_User_Name')
data.setCell(0, 2, 'tests.LoginTests')
data.setCell(0, 3, 1255622);
data.setCell(1, 0, 1)
data.setCell(1, 1, 'entering_Invalid_Password')
data.setCell(1, 2, 'tests.LoginTests')
data.setCell(1, 3, 1235942);
data.setCell(2, 0, 2)
data.setCell(2, 1, 'entering_Invalid_Payment_Details_for_One_Way_Trip_Flight_Booking')
data.setCell(2, 2, 'tests.FlightBookingTests')
data.setCell(2, 3, 547796);
data.setCell(3, 0, 3)
data.setCell(3, 1, 'entering_Valid_Payment_Details_for_One_Way_Trip_Flight_Booking')
data.setCell(3, 2, 'tests.FlightBookingTests')
data.setCell(3, 3, 540654);
data.setCell(4, 0, 4)
data.setCell(4, 1, 'entering_numerical_value_in_each_Field')
data.setCell(4, 2, 'tests.SignUpTests')
data.setCell(4, 3, 434425);
data.setCell(5, 0, 5)
data.setCell(5, 1, 'entering_Symbolic_value_in_each_Field')
data.setCell(5, 2, 'tests.SignUpTests')
data.setCell(5, 3, 428203);
data.setCell(6, 0, 6)
data.setCell(6, 1, 'validating_the_OTP_Details')
data.setCell(6, 2, 'tests.SignUpTests')
data.setCell(6, 3, 427061);
data.setCell(7, 0, 7)
data.setCell(7, 1, 'entering_AlphaNumeric_value_in_each_Field')
data.setCell(7, 2, 'tests.SignUpTests')
data.setCell(7, 3, 426485);
data.setCell(8, 0, 8)
data.setCell(8, 1, 'entering_Invalid_Payment_Details_for_Round_Trip_Flight_Booking')
data.setCell(8, 2, 'tests.FlightBookingTests')
data.setCell(8, 3, 379445);
data.setCell(9, 0, 9)
data.setCell(9, 1, 'entering_Valid_Payment_Details_for_Round_Trip_Flight_Booking')
data.setCell(9, 2, 'tests.FlightBookingTests')
data.setCell(9, 3, 377674);
data.setCell(10, 0, 10)
data.setCell(10, 1, 'modifying_Valid_Flight_Search_Details_for_Round_Trip')
data.setCell(10, 2, 'tests.FlightSearchTests')
data.setCell(10, 3, 286851);
data.setCell(11, 0, 11)
data.setCell(11, 1, 'modifying_Valid_Flight_Search_Details_for_One_Way_Trip')
data.setCell(11, 2, 'tests.FlightSearchTests')
data.setCell(11, 3, 233427);
data.setCell(12, 0, 12)
data.setCell(12, 1, 'password_Checklist_Validation')
data.setCell(12, 2, 'tests.SignUpTests')
data.setCell(12, 3, 213661);
data.setCell(13, 0, 13)
data.setCell(13, 1, 'entering_Invalid_Flight_Search_Details_for_One_Way_Trip')
data.setCell(13, 2, 'tests.FlightSearchTests')
data.setCell(13, 3, 184736);
data.setCell(14, 0, 14)
data.setCell(14, 1, 'entering_Valid_Flight_Search_Details_for_Round_Trip')
data.setCell(14, 2, 'tests.FlightSearchTests')
data.setCell(14, 3, 173063);
data.setCell(15, 0, 15)
data.setCell(15, 1, 'entering_Invalid_Flight_Search_Details_for_Round_Trip')
data.setCell(15, 2, 'tests.FlightSearchTests')
data.setCell(15, 3, 169222);
data.setCell(16, 0, 16)
data.setCell(16, 1, 'entering_Valid_Flight_Search_Details_for_One_Way_Trip')
data.setCell(16, 2, 'tests.FlightSearchTests')
data.setCell(16, 3, 144694);
data.setCell(17, 0, 17)
data.setCell(17, 1, 'entering_Valid_User_Details')
data.setCell(17, 2, 'tests.SignUpTests')
data.setCell(17, 3, 142729);
data.setCell(18, 0, 18)
data.setCell(18, 1, 'entering_Valid_User_Details')
data.setCell(18, 2, 'tests.LoginTests')
data.setCell(18, 3, 109814);
data.setCell(19, 0, 19)
data.setCell(19, 1, 'without_entering_User_Details')
data.setCell(19, 2, 'tests.SignUpTests')
data.setCell(19, 3, 65081);
data.setCell(20, 0, 20)
data.setCell(20, 1, 'validating_Check_in_field_availability')
data.setCell(20, 2, 'tests.FieldAvailabilityValidationTests')
data.setCell(20, 3, 13333);
data.setCell(21, 0, 21)
data.setCell(21, 1, 'validating_Manage_Booking_field_availability')
data.setCell(21, 2, 'tests.FieldAvailabilityValidationTests')
data.setCell(21, 3, 12713);
data.setCell(22, 0, 22)
data.setCell(22, 1, 'validating_Flight_Status_field_availability')
data.setCell(22, 2, 'tests.FieldAvailabilityValidationTests')
data.setCell(22, 3, 12712);
window.suiteTableData['Suite']= { tableData: data, tableDiv: 'times-div-Suite'}
return data;
}
              </script>
              <span class="suite-total-time">Total running time: 2 hours</span>
              <div id="times-div-Suite">
              </div> <!-- times-div-Suite -->
            </div> <!-- times-div -->
          </div> <!-- main-panel-content rounded-window-bottom -->
        </div> <!-- panel -->
        <div panel-name="reporter-Suite" class="panel">
          <div class="main-panel-header rounded-window-top">
            <span class="header-content">Reporter output for Suite</span>
          </div> <!-- main-panel-header rounded-window-top -->
          <div class="main-panel-content rounded-window-bottom">
          </div> <!-- main-panel-content rounded-window-bottom -->
        </div> <!-- panel -->
        <div panel-name="ignored-methods-Suite" class="panel">
          <div class="main-panel-header rounded-window-top">
            <span class="header-content">1 ignored method</span>
          </div> <!-- main-panel-header rounded-window-top -->
          <div class="main-panel-content rounded-window-bottom">
            <div class="ignored-class-div">
              <span class="ignored-class-name">tests.SignUpTests</span>
              <div class="ignored-methods-div">
                <span class="ignored-method-name">entering_blank_value_in_each_Field</span>
                <br/>
              </div> <!-- ignored-methods-div -->
            </div> <!-- ignored-class-div -->
          </div> <!-- main-panel-content rounded-window-bottom -->
        </div> <!-- panel -->
        <div panel-name="chronological-Suite" class="panel">
          <div class="main-panel-header rounded-window-top">
            <span class="header-content">Methods in chronological order</span>
          </div> <!-- main-panel-header rounded-window-top -->
          <div class="main-panel-content rounded-window-bottom">
            <div class="chronological-class">
              <div class="chronological-class-name">tests.SignUpTests</div> <!-- chronological-class-name -->
              <div class="configuration-method before">
                <span class="method-name">launchApplication</span>
                <span class="method-start">0 ms</span>
              </div> <!-- configuration-method before -->
              <div class="test-method">
                <span class="method-name">without_entering_User_Details</span>
                <span class="method-start">23623 ms</span>
              </div> <!-- test-method -->
              <div class="configuration-method after">
                <span class="method-name">quitBrowser</span>
                <span class="method-start">88719 ms</span>
              </div> <!-- configuration-method after -->
              <div class="configuration-method before">
                <span class="method-name">launchApplication</span>
                <span class="method-start">89611 ms</span>
              </div> <!-- configuration-method before -->
              <div class="test-method">
                <span class="method-name">entering_numerical_value_in_each_Field</span>
                <span class="method-start">102376 ms</span>
              </div> <!-- test-method -->
              <div class="configuration-method after">
                <span class="method-name">quitBrowser</span>
                <span class="method-start">536801 ms</span>
              </div> <!-- configuration-method after -->
              <div class="configuration-method before">
                <span class="method-name">launchApplication</span>
                <span class="method-start">537678 ms</span>
              </div> <!-- configuration-method before -->
              <div class="test-method">
                <span class="method-name">entering_AlphaNumeric_value_in_each_Field</span>
                <span class="method-start">551120 ms</span>
              </div> <!-- test-method -->
              <div class="configuration-method after">
                <span class="method-name">quitBrowser</span>
                <span class="method-start">977609 ms</span>
              </div> <!-- configuration-method after -->
              <div class="configuration-method before">
                <span class="method-name">launchApplication</span>
                <span class="method-start">978401 ms</span>
              </div> <!-- configuration-method before -->
              <div class="test-method">
                <span class="method-name">entering_Symbolic_value_in_each_Field</span>
                <span class="method-start">992405 ms</span>
              </div> <!-- test-method -->
              <div class="configuration-method after">
                <span class="method-name">quitBrowser</span>
                <span class="method-start">1420616 ms</span>
              </div> <!-- configuration-method after -->
              <div class="configuration-method before">
                <span class="method-name">launchApplication</span>
                <span class="method-start">1421706 ms</span>
              </div> <!-- configuration-method before -->
              <div class="test-method">
                <span class="method-name">password_Checklist_Validation</span>
                <span class="method-start">1434680 ms</span>
              </div> <!-- test-method -->
              <div class="configuration-method after">
                <span class="method-name">quitBrowser</span>
                <span class="method-start">1648341 ms</span>
              </div> <!-- configuration-method after -->
              <div class="configuration-method before">
                <span class="method-name">launchApplication</span>
                <span class="method-start">1649421 ms</span>
              </div> <!-- configuration-method before -->
              <div class="test-method">
                <span class="method-name">validating_the_OTP_Details</span>
                <span class="method-start">1662960 ms</span>
              </div> <!-- test-method -->
              <div class="configuration-method after">
                <span class="method-name">quitBrowser</span>
                <span class="method-start">2090024 ms</span>
              </div> <!-- configuration-method after -->
              <div class="configuration-method before">
                <span class="method-name">launchApplication</span>
                <span class="method-start">2090775 ms</span>
              </div> <!-- configuration-method before -->
              <div class="test-method">
                <img src="failed.png">
                </img>
                <span class="method-name">entering_Valid_User_Details</span>
                <span class="method-start">2103301 ms</span>
              </div> <!-- test-method -->
              <div class="configuration-method after">
                <span class="method-name">quitBrowser</span>
                <span class="method-start">2246045 ms</span>
              </div> <!-- configuration-method after -->
            </div> <!-- chronological-class -->
            <div class="chronological-class">
              <div class="chronological-class-name">tests.LoginTests</div> <!-- chronological-class-name -->
              <div class="configuration-method before">
                <span class="method-name">launchApplication</span>
                <span class="method-start">2247517 ms</span>
              </div> <!-- configuration-method before -->
              <div class="test-method">
                <span class="method-name">entering_Invalid_User_Name</span>
                <span class="method-start">2255225 ms</span>
              </div> <!-- test-method -->
              <div class="configuration-method after">
                <span class="method-name">quitBrowser</span>
                <span class="method-start">3510864 ms</span>
              </div> <!-- configuration-method after -->
              <div class="configuration-method before">
                <span class="method-name">launchApplication</span>
                <span class="method-start">3512554 ms</span>
              </div> <!-- configuration-method before -->
              <div class="test-method">
                <span class="method-name">entering_Invalid_Password</span>
                <span class="method-start">3526122 ms</span>
              </div> <!-- test-method -->
              <div class="configuration-method after">
                <span class="method-name">quitBrowser</span>
                <span class="method-start">4762090 ms</span>
              </div> <!-- configuration-method after -->
              <div class="configuration-method before">
                <span class="method-name">launchApplication</span>
                <span class="method-start">4763707 ms</span>
              </div> <!-- configuration-method before -->
              <div class="test-method">
                <img src="failed.png">
                </img>
                <span class="method-name">entering_Valid_User_Details</span>
                <span class="method-start">4776837 ms</span>
              </div> <!-- test-method -->
              <div class="configuration-method after">
                <span class="method-name">quitBrowser</span>
                <span class="method-start">4886651 ms</span>
              </div> <!-- configuration-method after -->
            </div> <!-- chronological-class -->
            <div class="chronological-class">
              <div class="chronological-class-name">tests.FlightSearchTests</div> <!-- chronological-class-name -->
              <div class="configuration-method before">
                <span class="method-name">launchApplication</span>
                <span class="method-start">4887680 ms</span>
              </div> <!-- configuration-method before -->
              <div class="test-method">
                <span class="method-name">entering_Valid_Flight_Search_Details_for_One_Way_Trip</span>
                <span class="method-start">4905398 ms</span>
              </div> <!-- test-method -->
              <div class="configuration-method after">
                <span class="method-name">quitBrowser</span>
                <span class="method-start">5050107 ms</span>
              </div> <!-- configuration-method after -->
              <div class="configuration-method before">
                <span class="method-name">launchApplication</span>
                <span class="method-start">5051190 ms</span>
              </div> <!-- configuration-method before -->
              <div class="test-method">
                <span class="method-name">modifying_Valid_Flight_Search_Details_for_One_Way_Trip</span>
                <span class="method-start">5064204 ms</span>
              </div> <!-- test-method -->
              <div class="configuration-method after">
                <span class="method-name">quitBrowser</span>
                <span class="method-start">5297631 ms</span>
              </div> <!-- configuration-method after -->
              <div class="configuration-method before">
                <span class="method-name">launchApplication</span>
                <span class="method-start">5299115 ms</span>
              </div> <!-- configuration-method before -->
              <div class="test-method">
                <span class="method-name">entering_Invalid_Flight_Search_Details_for_One_Way_Trip</span>
                <span class="method-start">5313307 ms</span>
              </div> <!-- test-method -->
              <div class="configuration-method after">
                <span class="method-name">quitBrowser</span>
                <span class="method-start">5498043 ms</span>
              </div> <!-- configuration-method after -->
              <div class="configuration-method before">
                <span class="method-name">launchApplication</span>
                <span class="method-start">5499000 ms</span>
              </div> <!-- configuration-method before -->
              <div class="test-method">
                <span class="method-name">entering_Valid_Flight_Search_Details_for_Round_Trip</span>
                <span class="method-start">5519379 ms</span>
              </div> <!-- test-method -->
              <div class="configuration-method after">
                <span class="method-name">quitBrowser</span>
                <span class="method-start">5692453 ms</span>
              </div> <!-- configuration-method after -->
              <div class="configuration-method before">
                <span class="method-name">launchApplication</span>
                <span class="method-start">5693360 ms</span>
              </div> <!-- configuration-method before -->
              <div class="test-method">
                <span class="method-name">modifying_Valid_Flight_Search_Details_for_Round_Trip</span>
                <span class="method-start">5706457 ms</span>
              </div> <!-- test-method -->
              <div class="configuration-method after">
                <span class="method-name">quitBrowser</span>
                <span class="method-start">5993308 ms</span>
              </div> <!-- configuration-method after -->
              <div class="configuration-method before">
                <span class="method-name">launchApplication</span>
                <span class="method-start">5995233 ms</span>
              </div> <!-- configuration-method before -->
              <div class="test-method">
                <span class="method-name">entering_Invalid_Flight_Search_Details_for_Round_Trip</span>
                <span class="method-start">6006377 ms</span>
              </div> <!-- test-method -->
              <div class="configuration-method after">
                <span class="method-name">quitBrowser</span>
                <span class="method-start">6175599 ms</span>
              </div> <!-- configuration-method after -->
            </div> <!-- chronological-class -->
            <div class="chronological-class">
              <div class="chronological-class-name">tests.FlightBookingTests</div> <!-- chronological-class-name -->
              <div class="configuration-method before">
                <span class="method-name">launchApplication</span>
                <span class="method-start">6176209 ms</span>
              </div> <!-- configuration-method before -->
              <div class="test-method">
                <img src="failed.png">
                </img>
                <span class="method-name">entering_Valid_Payment_Details_for_One_Way_Trip_Flight_Booking</span>
                <span class="method-start">6185435 ms</span>
              </div> <!-- test-method -->
              <div class="configuration-method after">
                <span class="method-name">quitBrowser</span>
                <span class="method-start">6726089 ms</span>
              </div> <!-- configuration-method after -->
              <div class="configuration-method before">
                <span class="method-name">launchApplication</span>
                <span class="method-start">6727128 ms</span>
              </div> <!-- configuration-method before -->
              <div class="test-method">
                <span class="method-name">entering_Invalid_Payment_Details_for_One_Way_Trip_Flight_Booking</span>
                <span class="method-start">6737593 ms</span>
              </div> <!-- test-method -->
              <div class="configuration-method after">
                <span class="method-name">quitBrowser</span>
                <span class="method-start">7285389 ms</span>
              </div> <!-- configuration-method after -->
              <div class="configuration-method before">
                <span class="method-name">launchApplication</span>
                <span class="method-start">7286386 ms</span>
              </div> <!-- configuration-method before -->
              <div class="test-method">
                <img src="failed.png">
                </img>
                <span class="method-name">entering_Valid_Payment_Details_for_Round_Trip_Flight_Booking</span>
                <span class="method-start">7295394 ms</span>
              </div> <!-- test-method -->
              <div class="configuration-method after">
                <span class="method-name">quitBrowser</span>
                <span class="method-start">7673076 ms</span>
              </div> <!-- configuration-method after -->
              <div class="configuration-method before">
                <span class="method-name">launchApplication</span>
                <span class="method-start">7673904 ms</span>
              </div> <!-- configuration-method before -->
              <div class="test-method">
                <img src="failed.png">
                </img>
                <span class="method-name">entering_Invalid_Payment_Details_for_Round_Trip_Flight_Booking</span>
                <span class="method-start">7683209 ms</span>
              </div> <!-- test-method -->
              <div class="configuration-method after">
                <span class="method-name">quitBrowser</span>
                <span class="method-start">8062670 ms</span>
              </div> <!-- configuration-method after -->
            </div> <!-- chronological-class -->
            <div class="chronological-class">
              <div class="chronological-class-name">tests.FieldAvailabilityValidationTests</div> <!-- chronological-class-name -->
              <div class="configuration-method before">
                <span class="method-name">launchApplication</span>
                <span class="method-start">8063435 ms</span>
              </div> <!-- configuration-method before -->
              <div class="test-method">
                <span class="method-name">validating_Check_in_field_availability</span>
                <span class="method-start">8072727 ms</span>
              </div> <!-- test-method -->
              <div class="configuration-method after">
                <span class="method-name">quitBrowser</span>
                <span class="method-start">8086065 ms</span>
              </div> <!-- configuration-method after -->
              <div class="configuration-method before">
                <span class="method-name">launchApplication</span>
                <span class="method-start">8087218 ms</span>
              </div> <!-- configuration-method before -->
              <div class="test-method">
                <span class="method-name">validating_Flight_Status_field_availability</span>
                <span class="method-start">8096603 ms</span>
              </div> <!-- test-method -->
              <div class="configuration-method after">
                <span class="method-name">quitBrowser</span>
                <span class="method-start">8109331 ms</span>
              </div> <!-- configuration-method after -->
              <div class="configuration-method before">
                <span class="method-name">launchApplication</span>
                <span class="method-start">8110613 ms</span>
              </div> <!-- configuration-method before -->
              <div class="test-method">
                <span class="method-name">validating_Manage_Booking_field_availability</span>
                <span class="method-start">8119984 ms</span>
              </div> <!-- test-method -->
              <div class="configuration-method after">
                <span class="method-name">quitBrowser</span>
                <span class="method-start">8132697 ms</span>
              </div> <!-- configuration-method after -->
          </div> <!-- main-panel-content rounded-window-bottom -->
        </div> <!-- panel -->
      </div> <!-- main-panel-root -->
    </div> <!-- wrapper -->
  </body>
<script type="text/javascript" src="testng-reports2.js"></script>
</html>
