<?xml version="1.0" encoding="UTF-8"?>
<testng-results ignored="0" total="23" passed="18" failed="5" skipped="0">
  <reporter-output>
  </reporter-output>
  <suite started-at="2024-09-01T10:42:10 IST" name="Suite" finished-at="2024-09-01T12:57:48 IST" duration-ms="8138301">
    <groups>
    </groups>
    <test started-at="2024-09-01T10:42:10 IST" name="Test" finished-at="2024-09-01T12:57:48 IST" duration-ms="8138301">
      <class name="tests.FlightSearchTests">
        <test-method is-config="true" signature="launchApplication()[pri:0, instance:tests.FlightSearchTests@4d1bf319]" started-at="2024-09-01T12:03:42 IST" name="launchApplication" finished-at="2024-09-01T12:04:00 IST" duration-ms="17718" status="PASS">
          <reporter-output>
          </reporter-output>
        </test-method> <!-- launchApplication -->
        <test-method signature="entering_Valid_Flight_Search_Details_for_One_Way_Trip()[pri:1, instance:tests.FlightSearchTests@4d1bf319]" started-at="2024-09-01T12:04:00 IST" name="entering_Valid_Flight_Search_Details_for_One_Way_Trip" finished-at="2024-09-01T12:06:25 IST" duration-ms="144694" status="PASS">
          <reporter-output>
          </reporter-output>
        </test-method> <!-- entering_Valid_Flight_Search_Details_for_One_Way_Trip -->
        <test-method is-config="true" signature="quitBrowser()[pri:0, instance:tests.FlightSearchTests@4d1bf319]" started-at="2024-09-01T12:06:25 IST" name="quitBrowser" finished-at="2024-09-01T12:06:26 IST" duration-ms="1083" status="PASS">
          <reporter-output>
          </reporter-output>
        </test-method> <!-- quitBrowser -->
        <test-method is-config="true" signature="launchApplication()[pri:0, instance:tests.FlightSearchTests@4d1bf319]" started-at="2024-09-01T12:06:26 IST" name="launchApplication" finished-at="2024-09-01T12:06:39 IST" duration-ms="13014" status="PASS">
          <reporter-output>
          </reporter-output>
        </test-method> <!-- launchApplication -->
        <test-method signature="modifying_Valid_Flight_Search_Details_for_One_Way_Trip()[pri:2, instance:tests.FlightSearchTests@4d1bf319]" started-at="2024-09-01T12:06:39 IST" name="modifying_Valid_Flight_Search_Details_for_One_Way_Trip" finished-at="2024-09-01T12:10:32 IST" duration-ms="233427" status="PASS">
          <reporter-output>
          </reporter-output>
        </test-method> <!-- modifying_Valid_Flight_Search_Details_for_One_Way_Trip -->
        <test-method is-config="true" signature="quitBrowser()[pri:0, instance:tests.FlightSearchTests@4d1bf319]" started-at="2024-09-01T12:10:32 IST" name="quitBrowser" finished-at="2024-09-01T12:10:34 IST" duration-ms="1469" status="PASS">
          <reporter-output>
          </reporter-output>
        </test-method> <!-- quitBrowser -->
        <test-method is-config="true" signature="launchApplication()[pri:0, instance:tests.FlightSearchTests@4d1bf319]" started-at="2024-09-01T12:10:34 IST" name="launchApplication" finished-at="2024-09-01T12:10:48 IST" duration-ms="14192" status="PASS">
          <reporter-output>
          </reporter-output>
        </test-method> <!-- launchApplication -->
        <test-method signature="entering_Invalid_Flight_Search_Details_for_One_Way_Trip()[pri:3, instance:tests.FlightSearchTests@4d1bf319]" started-at="2024-09-01T12:10:48 IST" name="entering_Invalid_Flight_Search_Details_for_One_Way_Trip" finished-at="2024-09-01T12:13:53 IST" duration-ms="184736" status="PASS">
          <reporter-output>
          </reporter-output>
        </test-method> <!-- entering_Invalid_Flight_Search_Details_for_One_Way_Trip -->
        <test-method is-config="true" signature="quitBrowser()[pri:0, instance:tests.FlightSearchTests@4d1bf319]" started-at="2024-09-01T12:13:53 IST" name="quitBrowser" finished-at="2024-09-01T12:13:54 IST" duration-ms="957" status="PASS">
          <reporter-output>
          </reporter-output>
        </test-method> <!-- quitBrowser -->
        <test-method is-config="true" signature="launchApplication()[pri:0, instance:tests.FlightSearchTests@4d1bf319]" started-at="2024-09-01T12:13:54 IST" name="launchApplication" finished-at="2024-09-01T12:14:14 IST" duration-ms="20379" status="PASS">
          <reporter-output>
          </reporter-output>
        </test-method> <!-- launchApplication -->
        <test-method signature="entering_Valid_Flight_Search_Details_for_Round_Trip()[pri:4, instance:tests.FlightSearchTests@4d1bf319]" started-at="2024-09-01T12:14:14 IST" name="entering_Valid_Flight_Search_Details_for_Round_Trip" finished-at="2024-09-01T12:17:07 IST" duration-ms="173063" status="PASS">
          <reporter-output>
          </reporter-output>
        </test-method> <!-- entering_Valid_Flight_Search_Details_for_Round_Trip -->
        <test-method is-config="true" signature="quitBrowser()[pri:0, instance:tests.FlightSearchTests@4d1bf319]" started-at="2024-09-01T12:17:07 IST" name="quitBrowser" finished-at="2024-09-01T12:17:08 IST" duration-ms="907" status="PASS">
          <reporter-output>
          </reporter-output>
        </test-method> <!-- quitBrowser -->
        <test-method is-config="true" signature="launchApplication()[pri:0, instance:tests.FlightSearchTests@4d1bf319]" started-at="2024-09-01T12:17:08 IST" name="launchApplication" finished-at="2024-09-01T12:17:21 IST" duration-ms="13097" status="PASS">
          <reporter-output>
          </reporter-output>
        </test-method> <!-- launchApplication -->
        <test-method signature="modifying_Valid_Flight_Search_Details_for_Round_Trip()[pri:5, instance:tests.FlightSearchTests@4d1bf319]" started-at="2024-09-01T12:17:21 IST" name="modifying_Valid_Flight_Search_Details_for_Round_Trip" finished-at="2024-09-01T12:22:08 IST" duration-ms="286851" status="PASS">
          <reporter-output>
          </reporter-output>
        </test-method> <!-- modifying_Valid_Flight_Search_Details_for_Round_Trip -->
        <test-method is-config="true" signature="quitBrowser()[pri:0, instance:tests.FlightSearchTests@4d1bf319]" started-at="2024-09-01T12:22:08 IST" name="quitBrowser" finished-at="2024-09-01T12:22:10 IST" duration-ms="1925" status="PASS">
          <reporter-output>
          </reporter-output>
        </test-method> <!-- quitBrowser -->
        <test-method is-config="true" signature="launchApplication()[pri:0, instance:tests.FlightSearchTests@4d1bf319]" started-at="2024-09-01T12:22:10 IST" name="launchApplication" finished-at="2024-09-01T12:22:21 IST" duration-ms="11144" status="PASS">
          <reporter-output>
          </reporter-output>
        </test-method> <!-- launchApplication -->
        <test-method signature="entering_Invalid_Flight_Search_Details_for_Round_Trip()[pri:6, instance:tests.FlightSearchTests@4d1bf319]" started-at="2024-09-01T12:22:21 IST" name="entering_Invalid_Flight_Search_Details_for_Round_Trip" finished-at="2024-09-01T12:25:10 IST" duration-ms="169222" status="PASS">
          <reporter-output>
          </reporter-output>
        </test-method> <!-- entering_Invalid_Flight_Search_Details_for_Round_Trip -->
        <test-method is-config="true" signature="quitBrowser()[pri:0, instance:tests.FlightSearchTests@4d1bf319]" started-at="2024-09-01T12:25:10 IST" name="quitBrowser" finished-at="2024-09-01T12:25:11 IST" duration-ms="610" status="PASS">
          <reporter-output>
          </reporter-output>
        </test-method> <!-- quitBrowser -->
      </class> <!-- tests.FlightSearchTests -->
      <class name="tests.LoginTests">
        <test-method is-config="true" signature="launchApplication()[pri:0, instance:tests.LoginTests@6b695b06]" started-at="2024-09-01T11:19:42 IST" name="launchApplication" finished-at="2024-09-01T11:19:50 IST" duration-ms="7708" status="PASS">
          <reporter-output>
          </reporter-output>
        </test-method> <!-- launchApplication -->
        <test-method signature="entering_Invalid_User_Name()[pri:1, instance:tests.LoginTests@6b695b06]" started-at="2024-09-01T11:19:50 IST" name="entering_Invalid_User_Name" finished-at="2024-09-01T11:40:46 IST" duration-ms="1255622" status="PASS">
          <reporter-output>
          </reporter-output>
        </test-method> <!-- entering_Invalid_User_Name -->
        <test-method is-config="true" signature="quitBrowser()[pri:0, instance:tests.LoginTests@6b695b06]" started-at="2024-09-01T11:40:46 IST" name="quitBrowser" finished-at="2024-09-01T11:40:47 IST" duration-ms="1690" status="PASS">
          <reporter-output>
          </reporter-output>
        </test-method> <!-- quitBrowser -->
        <test-method is-config="true" signature="launchApplication()[pri:0, instance:tests.LoginTests@6b695b06]" started-at="2024-09-01T11:40:47 IST" name="launchApplication" finished-at="2024-09-01T11:41:01 IST" duration-ms="13568" status="PASS">
          <reporter-output>
          </reporter-output>
        </test-method> <!-- launchApplication -->
        <test-method signature="entering_Invalid_Password()[pri:2, instance:tests.LoginTests@6b695b06]" started-at="2024-09-01T11:41:01 IST" name="entering_Invalid_Password" finished-at="2024-09-01T12:01:37 IST" duration-ms="1235942" status="PASS">
          <reporter-output>
          </reporter-output>
        </test-method> <!-- entering_Invalid_Password -->
        <test-method is-config="true" signature="quitBrowser()[pri:0, instance:tests.LoginTests@6b695b06]" started-at="2024-09-01T12:01:37 IST" name="quitBrowser" finished-at="2024-09-01T12:01:38 IST" duration-ms="1617" status="PASS">
          <reporter-output>
          </reporter-output>
        </test-method> <!-- quitBrowser -->
        <test-method is-config="true" signature="launchApplication()[pri:0, instance:tests.LoginTests@6b695b06]" started-at="2024-09-01T12:01:38 IST" name="launchApplication" finished-at="2024-09-01T12:01:52 IST" duration-ms="13130" status="PASS">
          <reporter-output>
          </reporter-output>
        </test-method> <!-- launchApplication -->
        <test-method signature="entering_Valid_User_Details()[pri:3, instance:tests.LoginTests@6b695b06]" started-at="2024-09-01T12:01:52 IST" name="entering_Valid_User_Details" finished-at="2024-09-01T12:03:41 IST" duration-ms="109814" status="FAIL">
          <exception class="java.lang.AssertionError">
            <message>
              <![CDATA[User not Registered expected [true] but found [false]]]>
            </message>
            <full-stacktrace>
              <![CDATA[java.lang.AssertionError: User not Registered expected [true] but found [false]
at org.testng.Assert.fail(Assert.java:111)
at org.testng.Assert.failNotEquals(Assert.java:1578)
at org.testng.Assert.assertTrue(Assert.java:57)
at pageObjects.HomePage.validateProfileName(HomePage.java:108)
at pageObjects.LoginPage.performLoginValidation(LoginPage.java:244)
at tests.LoginTests.entering_Valid_User_Details(LoginTests.java:71)
at java.base/jdk.internal.reflect.NativeMethodAccessorImpl.invoke0(Native Method)
at java.base/jdk.internal.reflect.NativeMethodAccessorImpl.invoke(NativeMethodAccessorImpl.java:78)
at java.base/jdk.internal.reflect.DelegatingMethodAccessorImpl.invoke(DelegatingMethodAccessorImpl.java:43)
at java.base/java.lang.reflect.Method.invoke(Method.java:567)
at org.testng.internal.invokers.MethodInvocationHelper.invokeMethod(MethodInvocationHelper.java:141)
at org.testng.internal.invokers.TestInvoker.invokeMethod(TestInvoker.java:686)
at org.testng.internal.invokers.TestInvoker.invokeTestMethod(TestInvoker.java:230)
at org.testng.internal.invokers.MethodRunner.runInSequence(MethodRunner.java:63)
at org.testng.internal.invokers.TestInvoker$MethodInvocationAgent.invoke(TestInvoker.java:992)
at org.testng.internal.invokers.TestInvoker.invokeTestMethods(TestInvoker.java:203)
at org.testng.internal.invokers.TestMethodWorker.invokeTestMethods(TestMethodWorker.java:154)
at org.testng.internal.invokers.TestMethodWorker.run(TestMethodWorker.java:134)
at java.base/java.util.ArrayList.forEach(ArrayList.java:1511)
at org.testng.TestRunner.privateRun(TestRunner.java:739)
at org.testng.TestRunner.run(TestRunner.java:614)
at org.testng.SuiteRunner.runTest(SuiteRunner.java:421)
at org.testng.SuiteRunner.runSequentially(SuiteRunner.java:413)
at org.testng.SuiteRunner.privateRun(SuiteRunner.java:373)
at org.testng.SuiteRunner.run(SuiteRunner.java:312)
at org.testng.SuiteRunnerWorker.runSuite(SuiteRunnerWorker.java:52)
at org.testng.SuiteRunnerWorker.run(SuiteRunnerWorker.java:95)
at org.testng.TestNG.runSuitesSequentially(TestNG.java:1274)
at org.testng.TestNG.runSuitesLocally(TestNG.java:1208)
at org.testng.TestNG.runSuites(TestNG.java:1112)
at org.testng.TestNG.run(TestNG.java:1079)
at org.testng.remote.AbstractRemoteTestNG.run(AbstractRemoteTestNG.java:115)
at org.testng.remote.RemoteTestNG.initAndRun(RemoteTestNG.java:293)
at org.testng.remote.RemoteTestNG.main(RemoteTestNG.java:91)
]]>
            </full-stacktrace>
          </exception> <!-- java.lang.AssertionError -->
          <reporter-output>
          </reporter-output>
        </test-method> <!-- entering_Valid_User_Details -->
        <test-method is-config="true" signature="quitBrowser()[pri:0, instance:tests.LoginTests@6b695b06]" started-at="2024-09-01T12:03:41 IST" name="quitBrowser" finished-at="2024-09-01T12:03:42 IST" duration-ms="1029" status="PASS">
          <reporter-output>
          </reporter-output>
        </test-method> <!-- quitBrowser -->
      </class> <!-- tests.LoginTests -->
      <class name="tests.SignUpTests">
        <test-method is-config="true" signature="launchApplication()[pri:0, instance:tests.SignUpTests@31ea9581]" started-at="2024-09-01T10:42:15 IST" name="launchApplication" finished-at="2024-09-01T10:42:38 IST" duration-ms="23623" status="PASS">
          <reporter-output>
          </reporter-output>
        </test-method> <!-- launchApplication -->
        <test-method signature="without_entering_User_Details()[pri:1, instance:tests.SignUpTests@31ea9581]" started-at="2024-09-01T10:42:38 IST" name="without_entering_User_Details" finished-at="2024-09-01T10:43:43 IST" duration-ms="65081" status="PASS">
          <reporter-output>
          </reporter-output>
        </test-method> <!-- without_entering_User_Details -->
        <test-method is-config="true" signature="quitBrowser()[pri:0, instance:tests.SignUpTests@31ea9581]" started-at="2024-09-01T10:43:43 IST" name="quitBrowser" finished-at="2024-09-01T10:43:44 IST" duration-ms="876" status="PASS">
          <reporter-output>
          </reporter-output>
        </test-method> <!-- quitBrowser -->
        <test-method is-config="true" signature="launchApplication()[pri:0, instance:tests.SignUpTests@31ea9581]" started-at="2024-09-01T10:43:44 IST" name="launchApplication" finished-at="2024-09-01T10:43:57 IST" duration-ms="12765" status="PASS">
          <reporter-output>
          </reporter-output>
        </test-method> <!-- launchApplication -->
        <test-method signature="entering_numerical_value_in_each_Field()[pri:3, instance:tests.SignUpTests@31ea9581]" started-at="2024-09-01T10:43:57 IST" name="entering_numerical_value_in_each_Field" finished-at="2024-09-01T10:51:12 IST" duration-ms="434425" status="PASS">
          <reporter-output>
          </reporter-output>
        </test-method> <!-- entering_numerical_value_in_each_Field -->
        <test-method is-config="true" signature="quitBrowser()[pri:0, instance:tests.SignUpTests@31ea9581]" started-at="2024-09-01T10:51:12 IST" name="quitBrowser" finished-at="2024-09-01T10:51:12 IST" duration-ms="877" status="PASS">
          <reporter-output>
          </reporter-output>
        </test-method> <!-- quitBrowser -->
        <test-method is-config="true" signature="launchApplication()[pri:0, instance:tests.SignUpTests@31ea9581]" started-at="2024-09-01T10:51:12 IST" name="launchApplication" finished-at="2024-09-01T10:51:26 IST" duration-ms="13440" status="PASS">
          <reporter-output>
          </reporter-output>
        </test-method> <!-- launchApplication -->
        <test-method signature="entering_AlphaNumeric_value_in_each_Field()[pri:4, instance:tests.SignUpTests@31ea9581]" started-at="2024-09-01T10:51:26 IST" name="entering_AlphaNumeric_value_in_each_Field" finished-at="2024-09-01T10:58:32 IST" duration-ms="426485" status="PASS">
          <reporter-output>
          </reporter-output>
        </test-method> <!-- entering_AlphaNumeric_value_in_each_Field -->
        <test-method is-config="true" signature="quitBrowser()[pri:0, instance:tests.SignUpTests@31ea9581]" started-at="2024-09-01T10:58:32 IST" name="quitBrowser" finished-at="2024-09-01T10:58:33 IST" duration-ms="792" status="PASS">
          <reporter-output>
          </reporter-output>
        </test-method> <!-- quitBrowser -->
        <test-method is-config="true" signature="launchApplication()[pri:0, instance:tests.SignUpTests@31ea9581]" started-at="2024-09-01T10:58:33 IST" name="launchApplication" finished-at="2024-09-01T10:58:47 IST" duration-ms="14004" status="PASS">
          <reporter-output>
          </reporter-output>
        </test-method> <!-- launchApplication -->
        <test-method signature="entering_Symbolic_value_in_each_Field()[pri:5, instance:tests.SignUpTests@31ea9581]" started-at="2024-09-01T10:58:47 IST" name="entering_Symbolic_value_in_each_Field" finished-at="2024-09-01T11:05:55 IST" duration-ms="428203" status="PASS">
          <reporter-output>
          </reporter-output>
        </test-method> <!-- entering_Symbolic_value_in_each_Field -->
        <test-method is-config="true" signature="quitBrowser()[pri:0, instance:tests.SignUpTests@31ea9581]" started-at="2024-09-01T11:05:55 IST" name="quitBrowser" finished-at="2024-09-01T11:05:56 IST" duration-ms="1090" status="PASS">
          <reporter-output>
          </reporter-output>
        </test-method> <!-- quitBrowser -->
        <test-method is-config="true" signature="launchApplication()[pri:0, instance:tests.SignUpTests@31ea9581]" started-at="2024-09-01T11:05:56 IST" name="launchApplication" finished-at="2024-09-01T11:06:09 IST" duration-ms="12974" status="PASS">
          <reporter-output>
          </reporter-output>
        </test-method> <!-- launchApplication -->
        <test-method signature="password_Checklist_Validation()[pri:6, instance:tests.SignUpTests@31ea9581]" started-at="2024-09-01T11:06:09 IST" name="password_Checklist_Validation" finished-at="2024-09-01T11:09:43 IST" duration-ms="213661" status="PASS">
          <reporter-output>
          </reporter-output>
        </test-method> <!-- password_Checklist_Validation -->
        <test-method is-config="true" signature="quitBrowser()[pri:0, instance:tests.SignUpTests@31ea9581]" started-at="2024-09-01T11:09:43 IST" name="quitBrowser" finished-at="2024-09-01T11:09:44 IST" duration-ms="1080" status="PASS">
          <reporter-output>
          </reporter-output>
        </test-method> <!-- quitBrowser -->
        <test-method is-config="true" signature="launchApplication()[pri:0, instance:tests.SignUpTests@31ea9581]" started-at="2024-09-01T11:09:44 IST" name="launchApplication" finished-at="2024-09-01T11:09:58 IST" duration-ms="13539" status="PASS">
          <reporter-output>
          </reporter-output>
        </test-method> <!-- launchApplication -->
        <test-method signature="validating_the_OTP_Details()[pri:7, instance:tests.SignUpTests@31ea9581]" started-at="2024-09-01T11:09:58 IST" name="validating_the_OTP_Details" finished-at="2024-09-01T11:17:05 IST" duration-ms="427061" status="PASS">
          <reporter-output>
          </reporter-output>
        </test-method> <!-- validating_the_OTP_Details -->
        <test-method is-config="true" signature="quitBrowser()[pri:0, instance:tests.SignUpTests@31ea9581]" started-at="2024-09-01T11:17:05 IST" name="quitBrowser" finished-at="2024-09-01T11:17:05 IST" duration-ms="751" status="PASS">
          <reporter-output>
          </reporter-output>
        </test-method> <!-- quitBrowser -->
        <test-method is-config="true" signature="launchApplication()[pri:0, instance:tests.SignUpTests@31ea9581]" started-at="2024-09-01T11:17:05 IST" name="launchApplication" finished-at="2024-09-01T11:17:18 IST" duration-ms="12526" status="PASS">
          <reporter-output>
          </reporter-output>
        </test-method> <!-- launchApplication -->
        <test-method signature="entering_Valid_User_Details()[pri:8, instance:tests.SignUpTests@31ea9581]" started-at="2024-09-01T11:17:18 IST" name="entering_Valid_User_Details" finished-at="2024-09-01T11:19:41 IST" duration-ms="142729" status="FAIL">
          <exception class="java.lang.AssertionError">
            <message>
              <![CDATA[User not Registered expected [true] but found [false]]]>
            </message>
            <full-stacktrace>
              <![CDATA[java.lang.AssertionError: User not Registered expected [true] but found [false]
at org.testng.Assert.fail(Assert.java:111)
at org.testng.Assert.failNotEquals(Assert.java:1578)
at org.testng.Assert.assertTrue(Assert.java:57)
at pageObjects.HomePage.validateProfileName(HomePage.java:108)
at tests.SignUpTests.entering_Valid_User_Details(SignUpTests.java:293)
at java.base/jdk.internal.reflect.NativeMethodAccessorImpl.invoke0(Native Method)
at java.base/jdk.internal.reflect.NativeMethodAccessorImpl.invoke(NativeMethodAccessorImpl.java:78)
at java.base/jdk.internal.reflect.DelegatingMethodAccessorImpl.invoke(DelegatingMethodAccessorImpl.java:43)
at java.base/java.lang.reflect.Method.invoke(Method.java:567)
at org.testng.internal.invokers.MethodInvocationHelper.invokeMethod(MethodInvocationHelper.java:141)
at org.testng.internal.invokers.TestInvoker.invokeMethod(TestInvoker.java:686)
at org.testng.internal.invokers.TestInvoker.invokeTestMethod(TestInvoker.java:230)
at org.testng.internal.invokers.MethodRunner.runInSequence(MethodRunner.java:63)
at org.testng.internal.invokers.TestInvoker$MethodInvocationAgent.invoke(TestInvoker.java:992)
at org.testng.internal.invokers.TestInvoker.invokeTestMethods(TestInvoker.java:203)
at org.testng.internal.invokers.TestMethodWorker.invokeTestMethods(TestMethodWorker.java:154)
at org.testng.internal.invokers.TestMethodWorker.run(TestMethodWorker.java:134)
at java.base/java.util.ArrayList.forEach(ArrayList.java:1511)
at org.testng.TestRunner.privateRun(TestRunner.java:739)
at org.testng.TestRunner.run(TestRunner.java:614)
at org.testng.SuiteRunner.runTest(SuiteRunner.java:421)
at org.testng.SuiteRunner.runSequentially(SuiteRunner.java:413)
at org.testng.SuiteRunner.privateRun(SuiteRunner.java:373)
at org.testng.SuiteRunner.run(SuiteRunner.java:312)
at org.testng.SuiteRunnerWorker.runSuite(SuiteRunnerWorker.java:52)
at org.testng.SuiteRunnerWorker.run(SuiteRunnerWorker.java:95)
at org.testng.TestNG.runSuitesSequentially(TestNG.java:1274)
at org.testng.TestNG.runSuitesLocally(TestNG.java:1208)
at org.testng.TestNG.runSuites(TestNG.java:1112)
at org.testng.TestNG.run(TestNG.java:1079)
at org.testng.remote.AbstractRemoteTestNG.run(AbstractRemoteTestNG.java:115)
at org.testng.remote.RemoteTestNG.initAndRun(RemoteTestNG.java:293)
at org.testng.remote.RemoteTestNG.main(RemoteTestNG.java:91)
]]>
            </full-stacktrace>
          </exception> <!-- java.lang.AssertionError -->
          <reporter-output>
          </reporter-output>
        </test-method> <!-- entering_Valid_User_Details -->
        <test-method is-config="true" signature="quitBrowser()[pri:0, instance:tests.SignUpTests@31ea9581]" started-at="2024-09-01T11:19:41 IST" name="quitBrowser" finished-at="2024-09-01T11:19:42 IST" duration-ms="1472" status="PASS">
          <reporter-output>
          </reporter-output>
        </test-method> <!-- quitBrowser -->
      </class> <!-- tests.SignUpTests -->
      <class name="tests.FlightBookingTests">
        <test-method is-config="true" signature="launchApplication()[pri:0, instance:tests.FlightBookingTests@6f53b8a]" started-at="2024-09-01T12:25:11 IST" name="launchApplication" finished-at="2024-09-01T12:25:20 IST" duration-ms="9225" status="PASS">
          <reporter-output>
          </reporter-output>
        </test-method> <!-- launchApplication -->
        <test-method signature="entering_Valid_Payment_Details_for_One_Way_Trip_Flight_Booking()[pri:1, instance:tests.FlightBookingTests@6f53b8a]" started-at="2024-09-01T12:25:20 IST" name="entering_Valid_Payment_Details_for_One_Way_Trip_Flight_Booking" finished-at="2024-09-01T12:34:21 IST" duration-ms="540654" status="FAIL">
          <exception class="java.lang.AssertionError">
            <message>
              <![CDATA[expected [Your booking is confirmed!, Thank you for booking SpiceJet Flight Service] but found [Important Notification
Reference Id: PQQVWJPK
Please contact support in case of payment failure.
Payment Failure
Sorry! We’re having trouble processing your payment. Incase your booking is not confirmed but your amount is deducted then it will be auto refunded in 7 working days towards your account. You may contact our reservation helpline number +91(0)124 4983410/ +91(0)124 7101600  with Transaction ID - IY5YV1J6 for assistance.
Payment Methods
Credit/Debit Card
NetBanking
UPI
Wallets
EMI
Credit Shell
SC Points
Voucher
Available EMI
Enter Debit / Credit Card Details
Card Number
Please enter a valid card
Card Holder Name
Please enter a valid name
Expiry
CVV
I have read and understood all the Terms and Conditions. I agree to proceed.]]]>
            </message>
            <full-stacktrace>
              <![CDATA[java.lang.AssertionError: expected [Your booking is confirmed!, Thank you for booking SpiceJet Flight Service] but found [Important Notification
Reference Id: PQQVWJPK
Please contact support in case of payment failure.
Payment Failure
Sorry! We’re having trouble processing your payment. Incase your booking is not confirmed but your amount is deducted then it will be auto refunded in 7 working days towards your account. You may contact our reservation helpline number +91(0)124 4983410/ +91(0)124 7101600  with Transaction ID - IY5YV1J6 for assistance.
Payment Methods
Credit/Debit Card
NetBanking
UPI
Wallets
EMI
Credit Shell
SC Points
Voucher
Available EMI
Enter Debit / Credit Card Details
Card Number
Please enter a valid card
Card Holder Name
Please enter a valid name
Expiry
CVV
I have read and understood all the Terms and Conditions. I agree to proceed.]
at org.testng.Assert.fail(Assert.java:111)
at org.testng.Assert.failNotEquals(Assert.java:1578)
at org.testng.Assert.assertEqualsImpl(Assert.java:150)
at org.testng.Assert.assertEquals(Assert.java:132)
at org.testng.Assert.assertEquals(Assert.java:656)
at org.testng.Assert.assertEquals(Assert.java:666)
at pageObjects.PaymentPage.validateBooking(PaymentPage.java:111)
at pageObjects.PaymentPage.proceedToPayment(PaymentPage.java:103)
at tests.FlightBookingTests.entering_Valid_Payment_Details_for_One_Way_Trip_Flight_Booking(FlightBookingTests.java:31)
at java.base/jdk.internal.reflect.NativeMethodAccessorImpl.invoke0(Native Method)
at java.base/jdk.internal.reflect.NativeMethodAccessorImpl.invoke(NativeMethodAccessorImpl.java:78)
at java.base/jdk.internal.reflect.DelegatingMethodAccessorImpl.invoke(DelegatingMethodAccessorImpl.java:43)
at java.base/java.lang.reflect.Method.invoke(Method.java:567)
at org.testng.internal.invokers.MethodInvocationHelper.invokeMethod(MethodInvocationHelper.java:141)
at org.testng.internal.invokers.TestInvoker.invokeMethod(TestInvoker.java:686)
at org.testng.internal.invokers.TestInvoker.invokeTestMethod(TestInvoker.java:230)
at org.testng.internal.invokers.MethodRunner.runInSequence(MethodRunner.java:63)
at org.testng.internal.invokers.TestInvoker$MethodInvocationAgent.invoke(TestInvoker.java:992)
at org.testng.internal.invokers.TestInvoker.invokeTestMethods(TestInvoker.java:203)
at org.testng.internal.invokers.TestMethodWorker.invokeTestMethods(TestMethodWorker.java:154)
at org.testng.internal.invokers.TestMethodWorker.run(TestMethodWorker.java:134)
at java.base/java.util.ArrayList.forEach(ArrayList.java:1511)
at org.testng.TestRunner.privateRun(TestRunner.java:739)
at org.testng.TestRunner.run(TestRunner.java:614)
at org.testng.SuiteRunner.runTest(SuiteRunner.java:421)
at org.testng.SuiteRunner.runSequentially(SuiteRunner.java:413)
at org.testng.SuiteRunner.privateRun(SuiteRunner.java:373)
at org.testng.SuiteRunner.run(SuiteRunner.java:312)
at org.testng.SuiteRunnerWorker.runSuite(SuiteRunnerWorker.java:52)
at org.testng.SuiteRunnerWorker.run(SuiteRunnerWorker.java:95)
at org.testng.TestNG.runSuitesSequentially(TestNG.java:1274)
at org.testng.TestNG.runSuitesLocally(TestNG.java:1208)
at org.testng.TestNG.runSuites(TestNG.java:1112)
at org.testng.TestNG.run(TestNG.java:1079)
at org.testng.remote.AbstractRemoteTestNG.run(AbstractRemoteTestNG.java:115)
at org.testng.remote.RemoteTestNG.initAndRun(RemoteTestNG.java:293)
at org.testng.remote.RemoteTestNG.main(RemoteTestNG.java:91)
]]>
            </full-stacktrace>
          </exception> <!-- java.lang.AssertionError -->
          <reporter-output>
          </reporter-output>
        </test-method> <!-- entering_Valid_Payment_Details_for_One_Way_Trip_Flight_Booking -->
        <test-method is-config="true" signature="quitBrowser()[pri:0, instance:tests.FlightBookingTests@6f53b8a]" started-at="2024-09-01T12:34:21 IST" name="quitBrowser" finished-at="2024-09-01T12:34:22 IST" duration-ms="1039" status="PASS">
          <reporter-output>
          </reporter-output>
        </test-method> <!-- quitBrowser -->
        <test-method is-config="true" signature="launchApplication()[pri:0, instance:tests.FlightBookingTests@6f53b8a]" started-at="2024-09-01T12:34:22 IST" name="launchApplication" finished-at="2024-09-01T12:34:32 IST" duration-ms="10465" status="PASS">
          <reporter-output>
          </reporter-output>
        </test-method> <!-- launchApplication -->
        <test-method signature="entering_Invalid_Payment_Details_for_One_Way_Trip_Flight_Booking()[pri:2, instance:tests.FlightBookingTests@6f53b8a]" started-at="2024-09-01T12:34:32 IST" name="entering_Invalid_Payment_Details_for_One_Way_Trip_Flight_Booking" finished-at="2024-09-01T12:43:40 IST" duration-ms="547796" status="PASS">
          <reporter-output>
          </reporter-output>
        </test-method> <!-- entering_Invalid_Payment_Details_for_One_Way_Trip_Flight_Booking -->
        <test-method is-config="true" signature="quitBrowser()[pri:0, instance:tests.FlightBookingTests@6f53b8a]" started-at="2024-09-01T12:43:40 IST" name="quitBrowser" finished-at="2024-09-01T12:43:41 IST" duration-ms="997" status="PASS">
          <reporter-output>
          </reporter-output>
        </test-method> <!-- quitBrowser -->
        <test-method is-config="true" signature="launchApplication()[pri:0, instance:tests.FlightBookingTests@6f53b8a]" started-at="2024-09-01T12:43:41 IST" name="launchApplication" finished-at="2024-09-01T12:43:50 IST" duration-ms="9008" status="PASS">
          <reporter-output>
          </reporter-output>
        </test-method> <!-- launchApplication -->
        <test-method signature="entering_Valid_Payment_Details_for_Round_Trip_Flight_Booking()[pri:3, instance:tests.FlightBookingTests@6f53b8a]" started-at="2024-09-01T12:43:50 IST" name="entering_Valid_Payment_Details_for_Round_Trip_Flight_Booking" finished-at="2024-09-01T12:50:08 IST" duration-ms="377674" status="FAIL">
          <exception class="org.openqa.selenium.json.JsonException">
            <message>
              <![CDATA[java.lang.reflect.InvocationTargetException
Build info: version: '4.20.0', revision: '866c76ca80'
System info: os.name: 'Windows 10', os.arch: 'amd64', os.version: '10.0', java.version: '16.0.2'
Driver info: org.openqa.selenium.chrome.ChromeDriver
Command: [99b53aad7a01c0da7a0522bd690de70b, actions {actions=[org.openqa.selenium.interactions.Sequence@50ba1574]}]
Capabilities {acceptInsecureCerts: false, browserName: chrome, browserVersion: 128.0.6613.113, chrome: {chromedriverVersion: 128.0.6613.86 (3045ed680fda..., userDataDir: C:\Users\ARAVIN~1\AppData\L...}, fedcm:accounts: true, goog:chromeOptions: {debuggerAddress: localhost:56110}, networkConnectionEnabled: false, pageLoadStrategy: normal, platformName: windows, proxy: Proxy(), se:cdp: ws://localhost:56110/devtoo..., se:cdpVersion: 128.0.6613.113, setWindowRect: true, strictFileInteractability: false, timeouts: {implicit: 0, pageLoad: 300000, script: 30000}, unhandledPromptBehavior: dismiss and notify, webauthn:extension:credBlob: true, webauthn:extension:largeBlob: true, webauthn:extension:minPinLength: true, webauthn:extension:prf: true, webauthn:virtualAuthenticators: true}
Session ID: 99b53aad7a01c0da7a0522bd690de70b]]>
            </message>
            <full-stacktrace>
              <![CDATA[org.openqa.selenium.json.JsonException: java.lang.reflect.InvocationTargetException
Build info: version: '4.20.0', revision: '866c76ca80'
System info: os.name: 'Windows 10', os.arch: 'amd64', os.version: '10.0', java.version: '16.0.2'
Driver info: org.openqa.selenium.chrome.ChromeDriver
Command: [99b53aad7a01c0da7a0522bd690de70b, actions {actions=[org.openqa.selenium.interactions.Sequence@50ba1574]}]
Capabilities {acceptInsecureCerts: false, browserName: chrome, browserVersion: 128.0.6613.113, chrome: {chromedriverVersion: 128.0.6613.86 (3045ed680fda..., userDataDir: C:\Users\ARAVIN~1\AppData\L...}, fedcm:accounts: true, goog:chromeOptions: {debuggerAddress: localhost:56110}, networkConnectionEnabled: false, pageLoadStrategy: normal, platformName: windows, proxy: Proxy(), se:cdp: ws://localhost:56110/devtoo..., se:cdpVersion: 128.0.6613.113, setWindowRect: true, strictFileInteractability: false, timeouts: {implicit: 0, pageLoad: 300000, script: 30000}, unhandledPromptBehavior: dismiss and notify, webauthn:extension:credBlob: true, webauthn:extension:largeBlob: true, webauthn:extension:minPinLength: true, webauthn:extension:prf: true, webauthn:virtualAuthenticators: true}
Session ID: 99b53aad7a01c0da7a0522bd690de70b
at org.openqa.selenium.json.JsonOutput.convertUsingMethod(JsonOutput.java:520)
at org.openqa.selenium.json.JsonOutput.lambda$new$16(JsonOutput.java:182)
at org.openqa.selenium.json.JsonOutput.write0(JsonOutput.java:409)
at org.openqa.selenium.json.JsonOutput.lambda$new$22(JsonOutput.java:204)
at java.base/java.util.stream.ForEachOps$ForEachOp$OfRef.accept(ForEachOps.java:183)
at java.base/java.util.stream.ReferencePipeline$2$1.accept(ReferencePipeline.java:179)
at java.base/java.util.Iterator.forEachRemaining(Iterator.java:133)
at java.base/java.util.Spliterators$IteratorSpliterator.forEachRemaining(Spliterators.java:1801)
at java.base/java.util.stream.AbstractPipeline.copyInto(AbstractPipeline.java:484)
at java.base/java.util.stream.AbstractPipeline.wrapAndCopyInto(AbstractPipeline.java:474)
at java.base/java.util.stream.ForEachOps$ForEachOp.evaluateSequential(ForEachOps.java:150)
at java.base/java.util.stream.ForEachOps$ForEachOp$OfRef.evaluateSequential(ForEachOps.java:173)
at java.base/java.util.stream.AbstractPipeline.evaluate(AbstractPipeline.java:234)
at java.base/java.util.stream.ReferencePipeline.forEach(ReferencePipeline.java:596)
at org.openqa.selenium.json.JsonOutput.lambda$new$23(JsonOutput.java:204)
at org.openqa.selenium.json.JsonOutput.write0(JsonOutput.java:409)
at org.openqa.selenium.json.JsonOutput.lambda$new$24(JsonOutput.java:222)
at java.base/java.util.Map.forEach(Map.java:663)
at org.openqa.selenium.json.JsonOutput.lambda$new$25(JsonOutput.java:217)
at org.openqa.selenium.json.JsonOutput.write0(JsonOutput.java:409)
at org.openqa.selenium.json.JsonOutput.write(JsonOutput.java:400)
at org.openqa.selenium.json.Json.toJson(Json.java:133)
at org.openqa.selenium.json.Json.toJson(Json.java:119)
at org.openqa.selenium.remote.codec.AbstractHttpCommandCodec.encode(AbstractHttpCommandCodec.java:245)
at org.openqa.selenium.remote.codec.AbstractHttpCommandCodec.encode(AbstractHttpCommandCodec.java:111)
at org.openqa.selenium.remote.HttpCommandExecutor.execute(HttpCommandExecutor.java:178)
at org.openqa.selenium.remote.service.DriverCommandExecutor.invokeExecute(DriverCommandExecutor.java:216)
at org.openqa.selenium.remote.service.DriverCommandExecutor.execute(DriverCommandExecutor.java:174)
at org.openqa.selenium.remote.RemoteWebDriver.execute(RemoteWebDriver.java:518)
at org.openqa.selenium.remote.RemoteWebDriver.perform(RemoteWebDriver.java:604)
at org.openqa.selenium.interactions.Actions$BuiltAction.perform(Actions.java:603)
at base.BaseComponents.clickButton(BaseComponents.java:68)
at pageObjects.FlightBookingPage.bookFlight(FlightBookingPage.java:197)
at tests.FlightBookingTests.entering_Valid_Payment_Details_for_Round_Trip_Flight_Booking(FlightBookingTests.java:63)
at java.base/jdk.internal.reflect.NativeMethodAccessorImpl.invoke0(Native Method)
at java.base/jdk.internal.reflect.NativeMethodAccessorImpl.invoke(NativeMethodAccessorImpl.java:78)
at java.base/jdk.internal.reflect.DelegatingMethodAccessorImpl.invoke(DelegatingMethodAccessorImpl.java:43)
at java.base/java.lang.reflect.Method.invoke(Method.java:567)
at org.testng.internal.invokers.MethodInvocationHelper.invokeMethod(MethodInvocationHelper.java:141)
at org.testng.internal.invokers.TestInvoker.invokeMethod(TestInvoker.java:686)
at org.testng.internal.invokers.TestInvoker.invokeTestMethod(TestInvoker.java:230)
at org.testng.internal.invokers.MethodRunner.runInSequence(MethodRunner.java:63)
at org.testng.internal.invokers.TestInvoker$MethodInvocationAgent.invoke(TestInvoker.java:992)
at org.testng.internal.invokers.TestInvoker.invokeTestMethods(TestInvoker.java:203)
at org.testng.internal.invokers.TestMethodWorker.invokeTestMethods(TestMethodWorker.java:154)
at org.testng.internal.invokers.TestMethodWorker.run(TestMethodWorker.java:134)
at java.base/java.util.ArrayList.forEach(ArrayList.java:1511)
at org.testng.TestRunner.privateRun(TestRunner.java:739)
at org.testng.TestRunner.run(TestRunner.java:614)
at org.testng.SuiteRunner.runTest(SuiteRunner.java:421)
at org.testng.SuiteRunner.runSequentially(SuiteRunner.java:413)
at org.testng.SuiteRunner.privateRun(SuiteRunner.java:373)
at org.testng.SuiteRunner.run(SuiteRunner.java:312)
at org.testng.SuiteRunnerWorker.runSuite(SuiteRunnerWorker.java:52)
at org.testng.SuiteRunnerWorker.run(SuiteRunnerWorker.java:95)
at org.testng.TestNG.runSuitesSequentially(TestNG.java:1274)
at org.testng.TestNG.runSuitesLocally(TestNG.java:1208)
at org.testng.TestNG.runSuites(TestNG.java:1112)
at org.testng.TestNG.run(TestNG.java:1079)
at org.testng.remote.AbstractRemoteTestNG.run(AbstractRemoteTestNG.java:115)
at org.testng.remote.RemoteTestNG.initAndRun(RemoteTestNG.java:293)
at org.testng.remote.RemoteTestNG.main(RemoteTestNG.java:91)
Suppressed: org.openqa.selenium.json.JsonException: Attempting to close incomplete json stream
Build info: version: '4.20.0', revision: '866c76ca80'
System info: os.name: 'Windows 10', os.arch: 'amd64', os.version: '10.0', java.version: '16.0.2'
Driver info: driver.version: RemoteWebDriver
at org.openqa.selenium.json.JsonOutput.close(JsonOutput.java:431)
at org.openqa.selenium.json.Json.toJson(Json.java:131)
... 40 more
Caused by: java.lang.reflect.InvocationTargetException
at jdk.internal.reflect.GeneratedMethodAccessor3.invoke(Unknown Source)
at java.base/jdk.internal.reflect.DelegatingMethodAccessorImpl.invoke(DelegatingMethodAccessorImpl.java:43)
at java.base/java.lang.reflect.Method.invoke(Method.java:567)
at org.openqa.selenium.json.JsonOutput.convertUsingMethod(JsonOutput.java:516)
... 61 more
Caused by: org.openqa.selenium.NoSuchElementException: no such element: Unable to locate element: {"method":"xpath","selector":"//*[@data-testid='traveller-3-title-field']"}
  (Session info: chrome=128.0.6613.113)
For documentation on this error, please visit: https://www.selenium.dev/documentation/webdriver/troubleshooting/errors#no-such-element-exception
Build info: version: '4.20.0', revision: '866c76ca80'
System info: os.name: 'Windows 10', os.arch: 'amd64', os.version: '10.0', java.version: '16.0.2'
Driver info: org.openqa.selenium.chrome.ChromeDriver
Command: [99b53aad7a01c0da7a0522bd690de70b, findElement {using=xpath, value=//*[@data-testid='traveller-3-title-field']}]
Capabilities {acceptInsecureCerts: false, browserName: chrome, browserVersion: 128.0.6613.113, chrome: {chromedriverVersion: 128.0.6613.86 (3045ed680fda..., userDataDir: C:\Users\ARAVIN~1\AppData\L...}, fedcm:accounts: true, goog:chromeOptions: {debuggerAddress: localhost:56110}, networkConnectionEnabled: false, pageLoadStrategy: normal, platformName: windows, proxy: Proxy(), se:cdp: ws://localhost:56110/devtoo..., se:cdpVersion: 128.0.6613.113, setWindowRect: true, strictFileInteractability: false, timeouts: {implicit: 0, pageLoad: 300000, script: 30000}, unhandledPromptBehavior: dismiss and notify, webauthn:extension:credBlob: true, webauthn:extension:largeBlob: true, webauthn:extension:minPinLength: true, webauthn:extension:prf: true, webauthn:virtualAuthenticators: true}
Session ID: 99b53aad7a01c0da7a0522bd690de70b
at java.base/jdk.internal.reflect.NativeConstructorAccessorImpl.newInstance0(Native Method)
at java.base/jdk.internal.reflect.NativeConstructorAccessorImpl.newInstance(NativeConstructorAccessorImpl.java:78)
at java.base/jdk.internal.reflect.DelegatingConstructorAccessorImpl.newInstance(DelegatingConstructorAccessorImpl.java:45)
at java.base/java.lang.reflect.Constructor.newInstanceWithCaller(Constructor.java:499)
at java.base/java.lang.reflect.Constructor.newInstance(Constructor.java:480)
at org.openqa.selenium.remote.ErrorCodec.decode(ErrorCodec.java:167)
at org.openqa.selenium.remote.codec.w3c.W3CHttpResponseCodec.decode(W3CHttpResponseCodec.java:138)
at org.openqa.selenium.remote.codec.w3c.W3CHttpResponseCodec.decode(W3CHttpResponseCodec.java:50)
at org.openqa.selenium.remote.HttpCommandExecutor.execute(HttpCommandExecutor.java:190)
at org.openqa.selenium.remote.service.DriverCommandExecutor.invokeExecute(DriverCommandExecutor.java:216)
at org.openqa.selenium.remote.service.DriverCommandExecutor.execute(DriverCommandExecutor.java:174)
at org.openqa.selenium.remote.RemoteWebDriver.execute(RemoteWebDriver.java:518)
at org.openqa.selenium.remote.ElementLocation$ElementFinder$2.findElement(ElementLocation.java:165)
at org.openqa.selenium.remote.ElementLocation.findElement(ElementLocation.java:59)
at org.openqa.selenium.remote.RemoteWebDriver.findElement(RemoteWebDriver.java:355)
at org.openqa.selenium.remote.RemoteWebDriver.findElement(RemoteWebDriver.java:349)
at org.openqa.selenium.support.pagefactory.DefaultElementLocator.findElement(DefaultElementLocator.java:68)
at org.openqa.selenium.support.pagefactory.internal.LocatingElementHandler.invoke(LocatingElementHandler.java:38)
at jdk.proxy2/jdk.proxy2.$Proxy12.getWrappedElement(Unknown Source)
at org.openqa.selenium.interactions.PointerInput$Origin.asArg(PointerInput.java:259)
at org.openqa.selenium.interactions.PointerInput$Move.encode(PointerInput.java:208)
at org.openqa.selenium.interactions.Sequence.encode(Sequence.java:72)
at org.openqa.selenium.interactions.Sequence.toJson(Sequence.java:81)
... 65 more
]]>
            </full-stacktrace>
          </exception> <!-- org.openqa.selenium.json.JsonException -->
          <reporter-output>
          </reporter-output>
        </test-method> <!-- entering_Valid_Payment_Details_for_Round_Trip_Flight_Booking -->
        <test-method is-config="true" signature="quitBrowser()[pri:0, instance:tests.FlightBookingTests@6f53b8a]" started-at="2024-09-01T12:50:08 IST" name="quitBrowser" finished-at="2024-09-01T12:50:09 IST" duration-ms="828" status="PASS">
          <reporter-output>
          </reporter-output>
        </test-method> <!-- quitBrowser -->
        <test-method is-config="true" signature="launchApplication()[pri:0, instance:tests.FlightBookingTests@6f53b8a]" started-at="2024-09-01T12:50:09 IST" name="launchApplication" finished-at="2024-09-01T12:50:18 IST" duration-ms="9304" status="PASS">
          <reporter-output>
          </reporter-output>
        </test-method> <!-- launchApplication -->
        <test-method signature="entering_Invalid_Payment_Details_for_Round_Trip_Flight_Booking()[pri:4, instance:tests.FlightBookingTests@6f53b8a]" started-at="2024-09-01T12:50:18 IST" name="entering_Invalid_Payment_Details_for_Round_Trip_Flight_Booking" finished-at="2024-09-01T12:56:37 IST" duration-ms="379445" status="FAIL">
          <exception class="org.openqa.selenium.json.JsonException">
            <message>
              <![CDATA[java.lang.reflect.InvocationTargetException
Build info: version: '4.20.0', revision: '866c76ca80'
System info: os.name: 'Windows 10', os.arch: 'amd64', os.version: '10.0', java.version: '16.0.2'
Driver info: org.openqa.selenium.chrome.ChromeDriver
Command: [d5a79ea43fa89c48dffa356ded49788e, actions {actions=[org.openqa.selenium.interactions.Sequence@3fe902f5]}]
Capabilities {acceptInsecureCerts: false, browserName: chrome, browserVersion: 128.0.6613.113, chrome: {chromedriverVersion: 128.0.6613.86 (3045ed680fda..., userDataDir: C:\Users\ARAVIN~1\AppData\L...}, fedcm:accounts: true, goog:chromeOptions: {debuggerAddress: localhost:56248}, networkConnectionEnabled: false, pageLoadStrategy: normal, platformName: windows, proxy: Proxy(), se:cdp: ws://localhost:56248/devtoo..., se:cdpVersion: 128.0.6613.113, setWindowRect: true, strictFileInteractability: false, timeouts: {implicit: 0, pageLoad: 300000, script: 30000}, unhandledPromptBehavior: dismiss and notify, webauthn:extension:credBlob: true, webauthn:extension:largeBlob: true, webauthn:extension:minPinLength: true, webauthn:extension:prf: true, webauthn:virtualAuthenticators: true}
Session ID: d5a79ea43fa89c48dffa356ded49788e]]>
            </message>
            <full-stacktrace>
              <![CDATA[org.openqa.selenium.json.JsonException: java.lang.reflect.InvocationTargetException
Build info: version: '4.20.0', revision: '866c76ca80'
System info: os.name: 'Windows 10', os.arch: 'amd64', os.version: '10.0', java.version: '16.0.2'
Driver info: org.openqa.selenium.chrome.ChromeDriver
Command: [d5a79ea43fa89c48dffa356ded49788e, actions {actions=[org.openqa.selenium.interactions.Sequence@3fe902f5]}]
Capabilities {acceptInsecureCerts: false, browserName: chrome, browserVersion: 128.0.6613.113, chrome: {chromedriverVersion: 128.0.6613.86 (3045ed680fda..., userDataDir: C:\Users\ARAVIN~1\AppData\L...}, fedcm:accounts: true, goog:chromeOptions: {debuggerAddress: localhost:56248}, networkConnectionEnabled: false, pageLoadStrategy: normal, platformName: windows, proxy: Proxy(), se:cdp: ws://localhost:56248/devtoo..., se:cdpVersion: 128.0.6613.113, setWindowRect: true, strictFileInteractability: false, timeouts: {implicit: 0, pageLoad: 300000, script: 30000}, unhandledPromptBehavior: dismiss and notify, webauthn:extension:credBlob: true, webauthn:extension:largeBlob: true, webauthn:extension:minPinLength: true, webauthn:extension:prf: true, webauthn:virtualAuthenticators: true}
Session ID: d5a79ea43fa89c48dffa356ded49788e
at org.openqa.selenium.json.JsonOutput.convertUsingMethod(JsonOutput.java:520)
at org.openqa.selenium.json.JsonOutput.lambda$new$16(JsonOutput.java:182)
at org.openqa.selenium.json.JsonOutput.write0(JsonOutput.java:409)
at org.openqa.selenium.json.JsonOutput.lambda$new$22(JsonOutput.java:204)
at java.base/java.util.stream.ForEachOps$ForEachOp$OfRef.accept(ForEachOps.java:183)
at java.base/java.util.stream.ReferencePipeline$2$1.accept(ReferencePipeline.java:179)
at java.base/java.util.Iterator.forEachRemaining(Iterator.java:133)
at java.base/java.util.Spliterators$IteratorSpliterator.forEachRemaining(Spliterators.java:1801)
at java.base/java.util.stream.AbstractPipeline.copyInto(AbstractPipeline.java:484)
at java.base/java.util.stream.AbstractPipeline.wrapAndCopyInto(AbstractPipeline.java:474)
at java.base/java.util.stream.ForEachOps$ForEachOp.evaluateSequential(ForEachOps.java:150)
at java.base/java.util.stream.ForEachOps$ForEachOp$OfRef.evaluateSequential(ForEachOps.java:173)
at java.base/java.util.stream.AbstractPipeline.evaluate(AbstractPipeline.java:234)
at java.base/java.util.stream.ReferencePipeline.forEach(ReferencePipeline.java:596)
at org.openqa.selenium.json.JsonOutput.lambda$new$23(JsonOutput.java:204)
at org.openqa.selenium.json.JsonOutput.write0(JsonOutput.java:409)
at org.openqa.selenium.json.JsonOutput.lambda$new$24(JsonOutput.java:222)
at java.base/java.util.Map.forEach(Map.java:663)
at org.openqa.selenium.json.JsonOutput.lambda$new$25(JsonOutput.java:217)
at org.openqa.selenium.json.JsonOutput.write0(JsonOutput.java:409)
at org.openqa.selenium.json.JsonOutput.write(JsonOutput.java:400)
at org.openqa.selenium.json.Json.toJson(Json.java:133)
at org.openqa.selenium.json.Json.toJson(Json.java:119)
at org.openqa.selenium.remote.codec.AbstractHttpCommandCodec.encode(AbstractHttpCommandCodec.java:245)
at org.openqa.selenium.remote.codec.AbstractHttpCommandCodec.encode(AbstractHttpCommandCodec.java:111)
at org.openqa.selenium.remote.HttpCommandExecutor.execute(HttpCommandExecutor.java:178)
at org.openqa.selenium.remote.service.DriverCommandExecutor.invokeExecute(DriverCommandExecutor.java:216)
at org.openqa.selenium.remote.service.DriverCommandExecutor.execute(DriverCommandExecutor.java:174)
at org.openqa.selenium.remote.RemoteWebDriver.execute(RemoteWebDriver.java:518)
at org.openqa.selenium.remote.RemoteWebDriver.perform(RemoteWebDriver.java:604)
at org.openqa.selenium.interactions.Actions$BuiltAction.perform(Actions.java:603)
at base.BaseComponents.clickButton(BaseComponents.java:68)
at pageObjects.FlightBookingPage.bookFlight(FlightBookingPage.java:197)
at tests.FlightBookingTests.entering_Invalid_Payment_Details_for_Round_Trip_Flight_Booking(FlightBookingTests.java:80)
at java.base/jdk.internal.reflect.NativeMethodAccessorImpl.invoke0(Native Method)
at java.base/jdk.internal.reflect.NativeMethodAccessorImpl.invoke(NativeMethodAccessorImpl.java:78)
at java.base/jdk.internal.reflect.DelegatingMethodAccessorImpl.invoke(DelegatingMethodAccessorImpl.java:43)
at java.base/java.lang.reflect.Method.invoke(Method.java:567)
at org.testng.internal.invokers.MethodInvocationHelper.invokeMethod(MethodInvocationHelper.java:141)
at org.testng.internal.invokers.TestInvoker.invokeMethod(TestInvoker.java:686)
at org.testng.internal.invokers.TestInvoker.invokeTestMethod(TestInvoker.java:230)
at org.testng.internal.invokers.MethodRunner.runInSequence(MethodRunner.java:63)
at org.testng.internal.invokers.TestInvoker$MethodInvocationAgent.invoke(TestInvoker.java:992)
at org.testng.internal.invokers.TestInvoker.invokeTestMethods(TestInvoker.java:203)
at org.testng.internal.invokers.TestMethodWorker.invokeTestMethods(TestMethodWorker.java:154)
at org.testng.internal.invokers.TestMethodWorker.run(TestMethodWorker.java:134)
at java.base/java.util.ArrayList.forEach(ArrayList.java:1511)
at org.testng.TestRunner.privateRun(TestRunner.java:739)
at org.testng.TestRunner.run(TestRunner.java:614)
at org.testng.SuiteRunner.runTest(SuiteRunner.java:421)
at org.testng.SuiteRunner.runSequentially(SuiteRunner.java:413)
at org.testng.SuiteRunner.privateRun(SuiteRunner.java:373)
at org.testng.SuiteRunner.run(SuiteRunner.java:312)
at org.testng.SuiteRunnerWorker.runSuite(SuiteRunnerWorker.java:52)
at org.testng.SuiteRunnerWorker.run(SuiteRunnerWorker.java:95)
at org.testng.TestNG.runSuitesSequentially(TestNG.java:1274)
at org.testng.TestNG.runSuitesLocally(TestNG.java:1208)
at org.testng.TestNG.runSuites(TestNG.java:1112)
at org.testng.TestNG.run(TestNG.java:1079)
at org.testng.remote.AbstractRemoteTestNG.run(AbstractRemoteTestNG.java:115)
at org.testng.remote.RemoteTestNG.initAndRun(RemoteTestNG.java:293)
at org.testng.remote.RemoteTestNG.main(RemoteTestNG.java:91)
Suppressed: org.openqa.selenium.json.JsonException: Attempting to close incomplete json stream
Build info: version: '4.20.0', revision: '866c76ca80'
System info: os.name: 'Windows 10', os.arch: 'amd64', os.version: '10.0', java.version: '16.0.2'
Driver info: driver.version: RemoteWebDriver
at org.openqa.selenium.json.JsonOutput.close(JsonOutput.java:431)
at org.openqa.selenium.json.Json.toJson(Json.java:131)
... 40 more
Caused by: java.lang.reflect.InvocationTargetException
at jdk.internal.reflect.GeneratedMethodAccessor3.invoke(Unknown Source)
at java.base/jdk.internal.reflect.DelegatingMethodAccessorImpl.invoke(DelegatingMethodAccessorImpl.java:43)
at java.base/java.lang.reflect.Method.invoke(Method.java:567)
at org.openqa.selenium.json.JsonOutput.convertUsingMethod(JsonOutput.java:516)
... 61 more
Caused by: org.openqa.selenium.NoSuchElementException: no such element: Unable to locate element: {"method":"xpath","selector":"//*[@data-testid='traveller-3-title-field']"}
  (Session info: chrome=128.0.6613.113)
For documentation on this error, please visit: https://www.selenium.dev/documentation/webdriver/troubleshooting/errors#no-such-element-exception
Build info: version: '4.20.0', revision: '866c76ca80'
System info: os.name: 'Windows 10', os.arch: 'amd64', os.version: '10.0', java.version: '16.0.2'
Driver info: org.openqa.selenium.chrome.ChromeDriver
Command: [d5a79ea43fa89c48dffa356ded49788e, findElement {using=xpath, value=//*[@data-testid='traveller-3-title-field']}]
Capabilities {acceptInsecureCerts: false, browserName: chrome, browserVersion: 128.0.6613.113, chrome: {chromedriverVersion: 128.0.6613.86 (3045ed680fda..., userDataDir: C:\Users\ARAVIN~1\AppData\L...}, fedcm:accounts: true, goog:chromeOptions: {debuggerAddress: localhost:56248}, networkConnectionEnabled: false, pageLoadStrategy: normal, platformName: windows, proxy: Proxy(), se:cdp: ws://localhost:56248/devtoo..., se:cdpVersion: 128.0.6613.113, setWindowRect: true, strictFileInteractability: false, timeouts: {implicit: 0, pageLoad: 300000, script: 30000}, unhandledPromptBehavior: dismiss and notify, webauthn:extension:credBlob: true, webauthn:extension:largeBlob: true, webauthn:extension:minPinLength: true, webauthn:extension:prf: true, webauthn:virtualAuthenticators: true}
Session ID: d5a79ea43fa89c48dffa356ded49788e
at jdk.internal.reflect.GeneratedConstructorAccessor78.newInstance(Unknown Source)
at java.base/jdk.internal.reflect.DelegatingConstructorAccessorImpl.newInstance(DelegatingConstructorAccessorImpl.java:45)
at java.base/java.lang.reflect.Constructor.newInstanceWithCaller(Constructor.java:499)
at java.base/java.lang.reflect.Constructor.newInstance(Constructor.java:480)
at org.openqa.selenium.remote.ErrorCodec.decode(ErrorCodec.java:167)
at org.openqa.selenium.remote.codec.w3c.W3CHttpResponseCodec.decode(W3CHttpResponseCodec.java:138)
at org.openqa.selenium.remote.codec.w3c.W3CHttpResponseCodec.decode(W3CHttpResponseCodec.java:50)
at org.openqa.selenium.remote.HttpCommandExecutor.execute(HttpCommandExecutor.java:190)
at org.openqa.selenium.remote.service.DriverCommandExecutor.invokeExecute(DriverCommandExecutor.java:216)
at org.openqa.selenium.remote.service.DriverCommandExecutor.execute(DriverCommandExecutor.java:174)
at org.openqa.selenium.remote.RemoteWebDriver.execute(RemoteWebDriver.java:518)
at org.openqa.selenium.remote.ElementLocation$ElementFinder$2.findElement(ElementLocation.java:165)
at org.openqa.selenium.remote.ElementLocation.findElement(ElementLocation.java:59)
at org.openqa.selenium.remote.RemoteWebDriver.findElement(RemoteWebDriver.java:355)
at org.openqa.selenium.remote.RemoteWebDriver.findElement(RemoteWebDriver.java:349)
at org.openqa.selenium.support.pagefactory.DefaultElementLocator.findElement(DefaultElementLocator.java:68)
at org.openqa.selenium.support.pagefactory.internal.LocatingElementHandler.invoke(LocatingElementHandler.java:38)
at jdk.proxy2/jdk.proxy2.$Proxy12.getWrappedElement(Unknown Source)
at org.openqa.selenium.interactions.PointerInput$Origin.asArg(PointerInput.java:259)
at org.openqa.selenium.interactions.PointerInput$Move.encode(PointerInput.java:208)
at org.openqa.selenium.interactions.Sequence.encode(Sequence.java:72)
at org.openqa.selenium.interactions.Sequence.toJson(Sequence.java:81)
... 65 more
]]>
            </full-stacktrace>
          </exception> <!-- org.openqa.selenium.json.JsonException -->
          <reporter-output>
          </reporter-output>
        </test-method> <!-- entering_Invalid_Payment_Details_for_Round_Trip_Flight_Booking -->
        <test-method is-config="true" signature="quitBrowser()[pri:0, instance:tests.FlightBookingTests@6f53b8a]" started-at="2024-09-01T12:56:37 IST" name="quitBrowser" finished-at="2024-09-01T12:56:38 IST" duration-ms="765" status="PASS">
          <reporter-output>
          </reporter-output>
        </test-method> <!-- quitBrowser -->
      </class> <!-- tests.FlightBookingTests -->
      <class name="tests.FieldAvailabilityValidationTests">
        <test-method is-config="true" signature="launchApplication()[pri:0, instance:tests.FieldAvailabilityValidationTests@5c80cf32]" started-at="2024-09-01T12:56:38 IST" name="launchApplication" finished-at="2024-09-01T12:56:47 IST" duration-ms="9292" status="PASS">
          <reporter-output>
          </reporter-output>
        </test-method> <!-- launchApplication -->
        <test-method signature="validating_Check_in_field_availability()[pri:1, instance:tests.FieldAvailabilityValidationTests@5c80cf32]" started-at="2024-09-01T12:56:47 IST" name="validating_Check_in_field_availability" finished-at="2024-09-01T12:57:01 IST" duration-ms="13333" status="PASS">
          <reporter-output>
          </reporter-output>
        </test-method> <!-- validating_Check_in_field_availability -->
        <test-method is-config="true" signature="quitBrowser()[pri:0, instance:tests.FieldAvailabilityValidationTests@5c80cf32]" started-at="2024-09-01T12:57:01 IST" name="quitBrowser" finished-at="2024-09-01T12:57:02 IST" duration-ms="1153" status="PASS">
          <reporter-output>
          </reporter-output>
        </test-method> <!-- quitBrowser -->
        <test-method is-config="true" signature="launchApplication()[pri:0, instance:tests.FieldAvailabilityValidationTests@5c80cf32]" started-at="2024-09-01T12:57:02 IST" name="launchApplication" finished-at="2024-09-01T12:57:11 IST" duration-ms="9384" status="PASS">
          <reporter-output>
          </reporter-output>
        </test-method> <!-- launchApplication -->
        <test-method signature="validating_Flight_Status_field_availability()[pri:2, instance:tests.FieldAvailabilityValidationTests@5c80cf32]" started-at="2024-09-01T12:57:11 IST" name="validating_Flight_Status_field_availability" finished-at="2024-09-01T12:57:24 IST" duration-ms="12712" status="PASS">
          <reporter-output>
          </reporter-output>
        </test-method> <!-- validating_Flight_Status_field_availability -->
        <test-method is-config="true" signature="quitBrowser()[pri:0, instance:tests.FieldAvailabilityValidationTests@5c80cf32]" started-at="2024-09-01T12:57:24 IST" name="quitBrowser" finished-at="2024-09-01T12:57:25 IST" duration-ms="1282" status="PASS">
          <reporter-output>
          </reporter-output>
        </test-method> <!-- quitBrowser -->
        <test-method is-config="true" signature="launchApplication()[pri:0, instance:tests.FieldAvailabilityValidationTests@5c80cf32]" started-at="2024-09-01T12:57:25 IST" name="launchApplication" finished-at="2024-09-01T12:57:35 IST" duration-ms="9371" status="PASS">
          <reporter-output>
          </reporter-output>
        </test-method> <!-- launchApplication -->
        <test-method signature="validating_Manage_Booking_field_availability()[pri:3, instance:tests.FieldAvailabilityValidationTests@5c80cf32]" started-at="2024-09-01T12:57:35 IST" name="validating_Manage_Booking_field_availability" finished-at="2024-09-01T12:57:47 IST" duration-ms="12713" status="PASS">
          <reporter-output>
          </reporter-output>
        </test-method> <!-- validating_Manage_Booking_field_availability -->
        <test-method is-config="true" signature="quitBrowser()[pri:0, instance:tests.FieldAvailabilityValidationTests@5c80cf32]" started-at="2024-09-01T12:57:47 IST" name="quitBrowser" finished-at="2024-09-01T12:57:48 IST" duration-ms="824" status="PASS">
          <reporter-output>
          </reporter-output>
        </test-method> <!-- quitBrowser -->
      </class> <!-- tests.FieldAvailabilityValidationTests -->
    </test> <!-- Test -->
  </suite> <!-- Suite -->
</testng-results>
